<?xml version="1.0" encoding="UTF-8"?>
<coverage generated="1764972630344" clover="3.2.0">
  <project timestamp="1764972630344" name="All files">
    <metrics statements="286" coveredstatements="126" conditionals="144" coveredconditionals="76" methods="95" coveredmethods="34" elements="525" coveredelements="236" complexity="0" loc="286" ncloc="286" packages="9" files="18" classes="18"/>
    <package name="config">
      <metrics statements="3" coveredstatements="3" conditionals="0" coveredconditionals="0" methods="0" coveredmethods="0"/>
      <file name="firebase.ts" path="C:\Users\Isabelle\OneDrive\Desktop\67443\StreamBuddies\config\firebase.ts">
        <metrics statements="3" coveredstatements="3" conditionals="0" coveredconditionals="0" methods="0" coveredmethods="0"/>
        <line num="8" count="5" type="stmt"/>
        <line num="18" count="5" type="stmt"/>
        <line num="21" count="5" type="stmt"/>
      </file>
    </package>
    <package name="src.hooks">
      <metrics statements="30" coveredstatements="3" conditionals="6" coveredconditionals="0" methods="13" coveredmethods="0"/>
      <file name="useGroups.ts" path="C:\Users\Isabelle\OneDrive\Desktop\67443\StreamBuddies\src\hooks\useGroups.ts">
        <metrics statements="9" coveredstatements="1" conditionals="0" coveredconditionals="0" methods="4" coveredmethods="0"/>
        <line num="5" count="1" type="stmt"/>
        <line num="6" count="0" type="stmt"/>
        <line num="7" count="0" type="stmt"/>
        <line num="9" count="0" type="stmt"/>
        <line num="11" count="0" type="stmt"/>
        <line num="12" count="0" type="stmt"/>
        <line num="13" count="0" type="stmt"/>
        <line num="17" count="0" type="stmt"/>
        <line num="20" count="0" type="stmt"/>
      </file>
      <file name="useList.ts" path="C:\Users\Isabelle\OneDrive\Desktop\67443\StreamBuddies\src\hooks\useList.ts">
        <metrics statements="12" coveredstatements="1" conditionals="6" coveredconditionals="0" methods="5" coveredmethods="0"/>
        <line num="5" count="2" type="stmt"/>
        <line num="6" count="0" type="stmt"/>
        <line num="21" count="0" type="stmt"/>
        <line num="22" count="0" type="stmt"/>
        <line num="25" count="0" type="stmt"/>
        <line num="26" count="0" type="cond" truecount="0" falsecount="2"/>
        <line num="28" count="0" type="stmt"/>
        <line num="31" count="0" type="stmt"/>
        <line num="35" count="0" type="stmt"/>
        <line num="36" count="0" type="cond" truecount="0" falsecount="2"/>
        <line num="37" count="0" type="stmt"/>
        <line num="41" count="0" type="stmt"/>
      </file>
      <file name="useLists.ts" path="C:\Users\Isabelle\OneDrive\Desktop\67443\StreamBuddies\src\hooks\useLists.ts">
        <metrics statements="9" coveredstatements="1" conditionals="0" coveredconditionals="0" methods="4" coveredmethods="0"/>
        <line num="6" count="1" type="stmt"/>
        <line num="7" count="0" type="stmt"/>
        <line num="8" count="0" type="stmt"/>
        <line num="10" count="0" type="stmt"/>
        <line num="12" count="0" type="stmt"/>
        <line num="13" count="0" type="stmt"/>
        <line num="14" count="0" type="stmt"/>
        <line num="18" count="0" type="stmt"/>
        <line num="21" count="0" type="stmt"/>
      </file>
    </package>
    <package name="src.repositories">
      <metrics statements="56" coveredstatements="3" conditionals="7" coveredconditionals="0" methods="13" coveredmethods="0"/>
      <file name="GroupRepository.ts" path="C:\Users\Isabelle\OneDrive\Desktop\67443\StreamBuddies\src\repositories\GroupRepository.ts">
        <metrics statements="35" coveredstatements="1" conditionals="3" coveredconditionals="0" methods="6" coveredmethods="0"/>
        <line num="9" count="0" type="stmt"/>
        <line num="10" count="0" type="stmt"/>
        <line num="11" count="0" type="stmt"/>
        <line num="12" count="0" type="stmt"/>
        <line num="14" count="0" type="stmt"/>
        <line num="20" count="0" type="stmt"/>
        <line num="22" count="0" type="stmt"/>
        <line num="23" count="0" type="stmt"/>
        <line num="24" count="0" type="stmt"/>
        <line num="25" count="0" type="stmt"/>
        <line num="26" count="0" type="stmt"/>
        <line num="37" count="0" type="stmt"/>
        <line num="39" count="0" type="stmt"/>
        <line num="43" count="0" type="stmt"/>
        <line num="45" count="0" type="stmt"/>
        <line num="46" count="0" type="stmt"/>
        <line num="47" count="0" type="stmt"/>
        <line num="48" count="0" type="stmt"/>
        <line num="49" count="0" type="stmt"/>
        <line num="50" count="0" type="stmt"/>
        <line num="51" count="0" type="cond" truecount="0" falsecount="2"/>
        <line num="52" count="0" type="stmt"/>
        <line num="53" count="0" type="stmt"/>
        <line num="56" count="0" type="stmt"/>
        <line num="57" count="0" type="stmt"/>
        <line num="58" count="0" type="stmt"/>
        <line num="60" count="0" type="stmt"/>
        <line num="62" count="0" type="stmt"/>
        <line num="63" count="0" type="stmt"/>
        <line num="68" count="0" type="stmt"/>
        <line num="69" count="0" type="stmt"/>
        <line num="70" count="0" type="stmt"/>
        <line num="72" count="0" type="stmt"/>
        <line num="73" count="0" type="stmt"/>
        <line num="78" count="2" type="stmt"/>
      </file>
      <file name="ListRepository.ts" path="C:\Users\Isabelle\OneDrive\Desktop\67443\StreamBuddies\src\repositories\ListRepository.ts">
        <metrics statements="21" coveredstatements="2" conditionals="4" coveredconditionals="0" methods="7" coveredmethods="0"/>
        <line num="16" count="3" type="stmt"/>
        <line num="25" count="0" type="stmt"/>
        <line num="29" count="0" type="stmt"/>
        <line num="30" count="0" type="stmt"/>
        <line num="31" count="0" type="stmt"/>
        <line num="33" count="0" type="stmt"/>
        <line num="34" count="0" type="stmt"/>
        <line num="56" count="0" type="stmt"/>
        <line num="67" count="0" type="stmt"/>
        <line num="68" count="0" type="stmt"/>
        <line num="86" count="0" type="cond" truecount="0" falsecount="2"/>
        <line num="87" count="0" type="stmt"/>
        <line num="89" count="0" type="stmt"/>
        <line num="90" count="0" type="stmt"/>
        <line num="108" count="0" type="stmt"/>
        <line num="109" count="0" type="stmt"/>
        <line num="117" count="0" type="cond" truecount="0" falsecount="2"/>
        <line num="118" count="0" type="stmt"/>
        <line num="121" count="0" type="stmt"/>
        <line num="122" count="0" type="stmt"/>
        <line num="129" count="3" type="stmt"/>
      </file>
    </package>
    <package name="src.screens.Groups">
      <metrics statements="53" coveredstatements="52" conditionals="51" coveredconditionals="43" methods="23" coveredmethods="21"/>
      <file name="GroupDetailView.tsx" path="C:\Users\Isabelle\OneDrive\Desktop\67443\StreamBuddies\src\screens\Groups\GroupDetailView.tsx">
        <metrics statements="28" coveredstatements="27" conditionals="22" coveredconditionals="16" methods="13" coveredmethods="11"/>
        <line num="11" count="1" type="stmt"/>
        <line num="18" count="1" type="stmt"/>
        <line num="25" count="1" type="stmt"/>
        <line num="32" count="1" type="stmt"/>
        <line num="38" count="25" type="stmt"/>
        <line num="40" count="25" type="cond" truecount="3" falsecount="1"/>
        <line num="43" count="52" type="cond" truecount="1" falsecount="1"/>
        <line num="44" count="46" type="cond" truecount="1" falsecount="1"/>
        <line num="46" count="25" type="stmt"/>
        <line num="47" count="25" type="stmt"/>
        <line num="49" count="25" type="stmt"/>
        <line num="51" count="24" type="stmt"/>
        <line num="52" count="46" type="stmt"/>
        <line num="53" count="22" type="stmt"/>
        <line num="55" count="2" type="stmt"/>
        <line num="59" count="12" type="stmt"/>
        <line num="60" count="12" type="stmt"/>
        <line num="63" count="25" type="stmt"/>
        <line num="64" count="2" type="cond" truecount="2" falsecount="0"/>
        <line num="65" count="1" type="stmt"/>
        <line num="66" count="1" type="stmt"/>
        <line num="67" count="1" type="stmt"/>
        <line num="69" count="0" type="stmt"/>
        <line num="73" count="25" type="stmt"/>
        <line num="109" count="1" type="stmt"/>
        <line num="121" count="75" type="stmt"/>
        <line num="133" count="20" type="stmt"/>
        <line num="150" count="18" type="stmt"/>
      </file>
      <file name="GroupsView.tsx" path="C:\Users\Isabelle\OneDrive\Desktop\67443\StreamBuddies\src\screens\Groups\GroupsView.tsx">
        <metrics statements="25" coveredstatements="25" conditionals="29" coveredconditionals="27" methods="10" coveredmethods="10"/>
        <line num="18" count="1" type="stmt"/>
        <line num="19" count="20" type="stmt"/>
        <line num="20" count="20" type="stmt"/>
        <line num="22" count="20" type="stmt"/>
        <line num="23" count="4" type="stmt"/>
        <line num="35" count="2" type="stmt"/>
        <line num="36" count="2" type="cond" truecount="1" falsecount="1"/>
        <line num="37" count="2" type="stmt"/>
        <line num="40" count="1" type="stmt"/>
        <line num="41" count="1" type="stmt"/>
        <line num="49" count="20" type="stmt"/>
        <line num="50" count="6" type="stmt"/>
        <line num="54" count="20" type="stmt"/>
        <line num="64" count="20" type="stmt"/>
        <line num="66" count="169" type="cond" truecount="4" falsecount="0"/>
        <line num="67" count="10" type="stmt"/>
        <line num="70" count="159" type="stmt"/>
        <line num="88" count="513" type="stmt"/>
        <line num="147" count="20" type="cond" truecount="2" falsecount="0"/>
        <line num="148" count="1" type="stmt"/>
        <line num="155" count="19" type="stmt"/>
        <line num="223" count="1" type="stmt"/>
        <line num="226" count="1" type="stmt"/>
        <line num="230" count="131" type="stmt"/>
        <line num="233" count="5" type="cond" truecount="2" falsecount="0"/>
      </file>
    </package>
    <package name="src.screens.Lists">
      <metrics statements="62" coveredstatements="9" conditionals="10" coveredconditionals="0" methods="27" coveredmethods="4"/>
      <file name="ListDetailView.tsx" path="C:\Users\Isabelle\OneDrive\Desktop\67443\StreamBuddies\src\screens\Lists\ListDetailView.tsx">
        <metrics statements="49" coveredstatements="1" conditionals="10" coveredconditionals="0" methods="20" coveredmethods="0"/>
        <line num="26" count="1" type="stmt"/>
        <line num="27" count="0" type="stmt"/>
        <line num="28" count="0" type="stmt"/>
        <line num="29" count="0" type="stmt"/>
        <line num="30" count="0" type="stmt"/>
        <line num="31" count="0" type="stmt"/>
        <line num="32" count="0" type="stmt"/>
        <line num="34" count="0" type="stmt"/>
        <line num="35" count="0" type="stmt"/>
        <line num="41" count="0" type="stmt"/>
        <line num="42" count="0" type="stmt"/>
        <line num="43" count="0" type="cond" truecount="0" falsecount="2"/>
        <line num="44" count="0" type="stmt"/>
        <line num="45" count="0" type="stmt"/>
        <line num="47" count="0" type="stmt"/>
        <line num="48" count="0" type="stmt"/>
        <line num="50" count="0" type="stmt"/>
        <line num="55" count="0" type="stmt"/>
        <line num="56" count="0" type="stmt"/>
        <line num="59" count="0" type="stmt"/>
        <line num="60" count="0" type="stmt"/>
        <line num="68" count="0" type="stmt"/>
        <line num="69" count="0" type="stmt"/>
        <line num="71" count="0" type="stmt"/>
        <line num="75" count="0" type="stmt"/>
        <line num="76" count="0" type="stmt"/>
        <line num="79" count="0" type="stmt"/>
        <line num="80" count="0" type="stmt"/>
        <line num="81" count="0" type="stmt"/>
        <line num="84" count="0" type="stmt"/>
        <line num="85" count="0" type="stmt"/>
        <line num="86" count="0" type="cond" truecount="0" falsecount="2"/>
        <line num="87" count="0" type="stmt"/>
        <line num="88" count="0" type="stmt"/>
        <line num="92" count="0" type="stmt"/>
        <line num="93" count="0" type="stmt"/>
        <line num="94" count="0" type="stmt"/>
        <line num="96" count="0" type="stmt"/>
        <line num="98" count="0" type="stmt"/>
        <line num="102" count="0" type="stmt"/>
        <line num="110" count="0" type="stmt"/>
        <line num="113" count="0" type="stmt"/>
        <line num="122" count="0" type="stmt"/>
        <line num="126" count="0" type="stmt"/>
        <line num="135" count="0" type="stmt"/>
        <line num="137" count="0" type="stmt"/>
        <line num="164" count="0" type="stmt"/>
        <line num="168" count="0" type="stmt"/>
        <line num="177" count="0" type="stmt"/>
      </file>
      <file name="ListsView.tsx" path="C:\Users\Isabelle\OneDrive\Desktop\67443\StreamBuddies\src\screens\Lists\ListsView.tsx">
        <metrics statements="7" coveredstatements="2" conditionals="0" coveredconditionals="0" methods="4" coveredmethods="1"/>
        <line num="18" count="1" type="stmt"/>
        <line num="19" count="4" type="stmt"/>
        <line num="21" count="0" type="stmt"/>
        <line num="31" count="0" type="stmt"/>
        <line num="37" count="0" type="stmt"/>
        <line num="42" count="0" type="stmt"/>
        <line num="45" count="0" type="stmt"/>
      </file>
      <file name="NewListView.tsx" path="C:\Users\Isabelle\OneDrive\Desktop\67443\StreamBuddies\src\screens\Lists\NewListView.tsx">
        <metrics statements="6" coveredstatements="6" conditionals="0" coveredconditionals="0" methods="3" coveredmethods="3"/>
        <line num="17" count="1" type="stmt"/>
        <line num="18" count="25" type="stmt"/>
        <line num="20" count="25" type="stmt"/>
        <line num="23" count="25" type="stmt"/>
        <line num="31" count="9" type="stmt"/>
        <line num="38" count="3" type="stmt"/>
      </file>
    </package>
    <package name="src.screens.Search">
      <metrics statements="48" coveredstatements="42" conditionals="48" coveredconditionals="25" methods="10" coveredmethods="8"/>
      <file name="ServiceResultsScreen.tsx" path="C:\Users\Isabelle\OneDrive\Desktop\67443\StreamBuddies\src\screens\Search\ServiceResultsScreen.tsx">
        <metrics statements="48" coveredstatements="42" conditionals="48" coveredconditionals="25" methods="10" coveredmethods="8"/>
        <line num="30" count="1" type="stmt"/>
        <line num="31" count="26" type="stmt"/>
        <line num="32" count="26" type="stmt"/>
        <line num="33" count="26" type="stmt"/>
        <line num="35" count="26" type="stmt"/>
        <line num="36" count="26" type="stmt"/>
        <line num="38" count="26" type="stmt"/>
        <line num="39" count="26" type="stmt"/>
        <line num="41" count="26" type="stmt"/>
        <line num="42" count="13" type="stmt"/>
        <line num="45" count="26" type="stmt"/>
        <line num="46" count="13" type="stmt"/>
        <line num="48" count="13" type="stmt"/>
        <line num="49" count="13" type="stmt"/>
        <line num="59" count="13" type="cond" truecount="1" falsecount="1"/>
        <line num="63" count="13" type="cond" truecount="1" falsecount="1"/>
        <line num="67" count="13" type="stmt"/>
        <line num="68" count="12" type="stmt"/>
        <line num="70" count="12" type="cond" truecount="1" falsecount="1"/>
        <line num="72" count="12" type="cond" truecount="1" falsecount="1"/>
        <line num="73" count="21" type="stmt"/>
        <line num="82" count="12" type="stmt"/>
        <line num="84" count="1" type="stmt"/>
        <line num="85" count="1" type="stmt"/>
        <line num="87" count="13" type="stmt"/>
        <line num="91" count="26" type="stmt"/>
        <line num="92" count="1" type="stmt"/>
        <line num="93" count="1" type="cond" truecount="1" falsecount="1"/>
        <line num="94" count="1" type="cond" truecount="1" falsecount="1"/>
        <line num="98" count="1" type="cond" truecount="1" falsecount="1"/>
        <line num="102" count="1" type="stmt"/>
        <line num="103" count="1" type="stmt"/>
        <line num="105" count="1" type="cond" truecount="1" falsecount="1"/>
        <line num="106" count="1" type="cond" truecount="1" falsecount="1"/>
        <line num="108" count="1" type="stmt"/>
        <line num="109" count="1" type="cond" truecount="1" falsecount="1"/>
        <line num="110" count="1" type="cond" truecount="1" falsecount="1"/>
        <line num="111" count="0" type="cond" truecount="0" falsecount="5"/>
        <line num="112" count="0" type="stmt"/>
        <line num="113" count="0" type="stmt"/>
        <line num="114" count="0" type="stmt"/>
        <line num="118" count="1" type="stmt"/>
        <line num="130" count="0" type="stmt"/>
        <line num="134" count="26" type="stmt"/>
        <line num="146" count="0" type="stmt"/>
        <line num="167" count="21" type="stmt"/>
        <line num="170" count="1" type="stmt"/>
        <line num="205" count="1" type="stmt"/>
      </file>
    </package>
    <package name="src.screens.Swipe.Components">
      <metrics statements="6" coveredstatements="5" conditionals="6" coveredconditionals="6" methods="2" coveredmethods="1"/>
      <file name="MovieCard.tsx" path="C:\Users\Isabelle\OneDrive\Desktop\67443\StreamBuddies\src\screens\Swipe\Components\MovieCard.tsx">
        <metrics statements="6" coveredstatements="5" conditionals="6" coveredconditionals="6" methods="2" coveredmethods="1"/>
        <line num="10" count="1" type="stmt"/>
        <line num="11" count="2" type="stmt"/>
        <line num="13" count="2" type="cond" truecount="2" falsecount="0"/>
        <line num="17" count="2" type="stmt"/>
        <line num="32" count="0" type="stmt"/>
        <line num="56" count="1" type="stmt"/>
      </file>
    </package>
    <package name="src.styles">
      <metrics statements="6" coveredstatements="5" conditionals="0" coveredconditionals="0" methods="1" coveredmethods="0"/>
      <file name="gradientBackground.tsx" path="C:\Users\Isabelle\OneDrive\Desktop\67443\StreamBuddies\src\styles\gradientBackground.tsx">
        <metrics statements="2" coveredstatements="1" conditionals="0" coveredconditionals="0" methods="1" coveredmethods="0"/>
        <line num="9" count="1" type="stmt"/>
        <line num="10" count="0" type="stmt"/>
      </file>
      <file name="listStyles.ts" path="C:\Users\Isabelle\OneDrive\Desktop\67443\StreamBuddies\src\styles\listStyles.ts">
        <metrics statements="3" coveredstatements="3" conditionals="0" coveredconditionals="0" methods="0" coveredmethods="0"/>
        <line num="4" count="2" type="stmt"/>
        <line num="56" count="2" type="stmt"/>
        <line num="173" count="2" type="stmt"/>
      </file>
      <file name="styles.ts" path="C:\Users\Isabelle\OneDrive\Desktop\67443\StreamBuddies\src\styles\styles.ts">
        <metrics statements="1" coveredstatements="1" conditionals="0" coveredconditionals="0" methods="0" coveredmethods="0"/>
        <line num="3" count="2" type="stmt"/>
      </file>
    </package>
    <package name="src.utils">
      <metrics statements="22" coveredstatements="4" conditionals="16" coveredconditionals="2" methods="6" coveredmethods="0"/>
      <file name="listFormHelpers.ts" path="C:\Users\Isabelle\OneDrive\Desktop\67443\StreamBuddies\src\utils\listFormHelpers.ts">
        <metrics statements="8" coveredstatements="1" conditionals="2" coveredconditionals="0" methods="3" coveredmethods="0"/>
        <line num="8" count="0" type="cond" truecount="0" falsecount="2"/>
        <line num="12" count="1" type="stmt"/>
        <line num="17" count="0" type="stmt"/>
        <line num="19" count="0" type="stmt"/>
        <line num="20" count="0" type="stmt"/>
        <line num="22" count="0" type="stmt"/>
        <line num="24" count="0" type="stmt"/>
        <line num="25" count="0" type="stmt"/>
      </file>
      <file name="tmdbApi.ts" path="C:\Users\Isabelle\OneDrive\Desktop\67443\StreamBuddies\src\utils\tmdbApi.ts">
        <metrics statements="14" coveredstatements="3" conditionals="14" coveredconditionals="2" methods="3" coveredmethods="0"/>
        <line num="4" count="1" type="cond" truecount="2" falsecount="0"/>
        <line num="5" count="1" type="stmt"/>
        <line num="6" count="1" type="stmt"/>
        <line num="9" count="0" type="cond" truecount="0" falsecount="2"/>
        <line num="10" count="0" type="stmt"/>
        <line num="11" count="0" type="stmt"/>
        <line num="12" count="0" type="cond" truecount="0" falsecount="2"/>
        <line num="13" count="0" type="stmt"/>
        <line num="17" count="0" type="cond" truecount="0" falsecount="2"/>
        <line num="22" count="0" type="cond" truecount="0" falsecount="2"/>
        <line num="23" count="0" type="stmt"/>
        <line num="24" count="0" type="stmt"/>
        <line num="25" count="0" type="cond" truecount="0" falsecount="2"/>
        <line num="26" count="0" type="stmt"/>
      </file>
    </package>
  </project>
</coverage>
