{"/home/hiiidt/cmu-67443/project/StreamBuddies/config/firebase.ts": {"path":"/home/hiiidt/cmu-67443/project/StreamBuddies/config/firebase.ts","statementMap":{"0":{"start":{"line":11,"column":23},"end":{"line":18,"column":1}},"1":{"start":{"line":21,"column":12},"end":{"line":21,"column":41}},"2":{"start":{"line":24,"column":20},"end":{"line":24,"column":32}},"3":{"start":{"line":25,"column":29},"end":{"line":25,"column":46}}},"fnMap":{},"branchMap":{},"s":{"0":1,"1":1,"2":1,"3":1},"f":{},"b":{},"_coverageSchema":"1a1c01bbd47fc00a2c39e90264f33305004495a9","hash":"58b6b8e4dc6283c10233b74c5cbd0473f93a3900"}
,"/home/hiiidt/cmu-67443/project/StreamBuddies/src/hooks/usePhoneFormatter.ts": {"path":"/home/hiiidt/cmu-67443/project/StreamBuddies/src/hooks/usePhoneFormatter.ts","statementMap":{"0":{"start":{"line":4,"column":33},"end":{"line":22,"column":1}},"1":{"start":{"line":5,"column":38},"end":{"line":5,"column":50}},"2":{"start":{"line":6,"column":50},"end":{"line":6,"column":62}},"3":{"start":{"line":8,"column":30},"end":{"line":15,"column":5}},"4":{"start":{"line":9,"column":24},"end":{"line":9,"column":52}},"5":{"start":{"line":10,"column":8},"end":{"line":14,"column":9}},"6":{"start":{"line":11,"column":12},"end":{"line":11,"column":34}},"7":{"start":{"line":12,"column":12},"end":{"line":12,"column":53}},"8":{"start":{"line":13,"column":12},"end":{"line":13,"column":87}},"9":{"start":{"line":17,"column":4},"end":{"line":21,"column":5}}},"fnMap":{"0":{"name":"(anonymous_0)","decl":{"start":{"line":4,"column":33},"end":{"line":4,"column":34}},"loc":{"start":{"line":4,"column":39},"end":{"line":22,"column":1}},"line":4},"1":{"name":"(anonymous_1)","decl":{"start":{"line":8,"column":30},"end":{"line":8,"column":31}},"loc":{"start":{"line":8,"column":49},"end":{"line":15,"column":5}},"line":8}},"branchMap":{"0":{"loc":{"start":{"line":10,"column":8},"end":{"line":14,"column":9}},"type":"if","locations":[{"start":{"line":10,"column":8},"end":{"line":14,"column":9}},{"start":{},"end":{}}],"line":10}},"s":{"0":1,"1":4,"2":4,"3":4,"4":2,"5":2,"6":1,"7":1,"8":1,"9":4},"f":{"0":4,"1":2},"b":{"0":[1,1]},"_coverageSchema":"1a1c01bbd47fc00a2c39e90264f33305004495a9","hash":"f3cf9d65eae58a708ece5cd76a360778081428df"}
,"/home/hiiidt/cmu-67443/project/StreamBuddies/src/hooks/useUserProfile.ts": {"path":"/home/hiiidt/cmu-67443/project/StreamBuddies/src/hooks/useUserProfile.ts","statementMap":{"0":{"start":{"line":5,"column":30},"end":{"line":71,"column":1}},"1":{"start":{"line":6,"column":34},"end":{"line":6,"column":62}},"2":{"start":{"line":7,"column":34},"end":{"line":7,"column":48}},"3":{"start":{"line":9,"column":4},"end":{"line":28,"column":13}},"4":{"start":{"line":11,"column":8},"end":{"line":15,"column":9}},"5":{"start":{"line":12,"column":12},"end":{"line":12,"column":29}},"6":{"start":{"line":13,"column":12},"end":{"line":13,"column":30}},"7":{"start":{"line":14,"column":12},"end":{"line":14,"column":19}},"8":{"start":{"line":17,"column":8},"end":{"line":17,"column":25}},"9":{"start":{"line":19,"column":28},"end":{"line":24,"column":10}},"10":{"start":{"line":20,"column":12},"end":{"line":20,"column":29}},"11":{"start":{"line":21,"column":12},"end":{"line":21,"column":30}},"12":{"start":{"line":27,"column":8},"end":{"line":27,"column":27}},"13":{"start":{"line":30,"column":23},"end":{"line":35,"column":5}},"14":{"start":{"line":32,"column":12},"end":{"line":32,"column":63}},"15":{"start":{"line":32,"column":22},"end":{"line":32,"column":63}},"16":{"start":{"line":33,"column":12},"end":{"line":33,"column":51}},"17":{"start":{"line":37,"column":23},"end":{"line":51,"column":5}},"18":{"start":{"line":40,"column":12},"end":{"line":40,"column":63}},"19":{"start":{"line":40,"column":22},"end":{"line":40,"column":63}},"20":{"start":{"line":41,"column":12},"end":{"line":44,"column":13}},"21":{"start":{"line":42,"column":16},"end":{"line":42,"column":42}},"22":{"start":{"line":43,"column":16},"end":{"line":43,"column":53}},"23":{"start":{"line":46,"column":28},"end":{"line":46,"column":52}},"24":{"start":{"line":47,"column":12},"end":{"line":47,"column":49}},"25":{"start":{"line":48,"column":12},"end":{"line":48,"column":32}},"26":{"start":{"line":49,"column":12},"end":{"line":49,"column":49}},"27":{"start":{"line":53,"column":23},"end":{"line":58,"column":5}},"28":{"start":{"line":55,"column":12},"end":{"line":55,"column":63}},"29":{"start":{"line":55,"column":22},"end":{"line":55,"column":63}},"30":{"start":{"line":56,"column":12},"end":{"line":56,"column":45}},"31":{"start":{"line":61,"column":4},"end":{"line":70,"column":5}}},"fnMap":{"0":{"name":"(anonymous_0)","decl":{"start":{"line":5,"column":30},"end":{"line":5,"column":31}},"loc":{"start":{"line":5,"column":55},"end":{"line":71,"column":1}},"line":5},"1":{"name":"(anonymous_1)","decl":{"start":{"line":9,"column":14},"end":{"line":9,"column":15}},"loc":{"start":{"line":9,"column":20},"end":{"line":28,"column":5}},"line":9},"2":{"name":"(anonymous_2)","decl":{"start":{"line":19,"column":64},"end":{"line":19,"column":65}},"loc":{"start":{"line":19,"column":74},"end":{"line":24,"column":9}},"line":19},"3":{"name":"(anonymous_3)","decl":{"start":{"line":31,"column":8},"end":{"line":31,"column":9}},"loc":{"start":{"line":31,"column":45},"end":{"line":34,"column":9}},"line":31},"4":{"name":"(anonymous_4)","decl":{"start":{"line":38,"column":8},"end":{"line":38,"column":9}},"loc":{"start":{"line":38,"column":45},"end":{"line":50,"column":9}},"line":38},"5":{"name":"(anonymous_5)","decl":{"start":{"line":54,"column":8},"end":{"line":54,"column":9}},"loc":{"start":{"line":54,"column":20},"end":{"line":57,"column":9}},"line":54}},"branchMap":{"0":{"loc":{"start":{"line":11,"column":8},"end":{"line":15,"column":9}},"type":"if","locations":[{"start":{"line":11,"column":8},"end":{"line":15,"column":9}},{"start":{},"end":{}}],"line":11},"1":{"loc":{"start":{"line":32,"column":12},"end":{"line":32,"column":63}},"type":"if","locations":[{"start":{"line":32,"column":12},"end":{"line":32,"column":63}},{"start":{},"end":{}}],"line":32},"2":{"loc":{"start":{"line":40,"column":12},"end":{"line":40,"column":63}},"type":"if","locations":[{"start":{"line":40,"column":12},"end":{"line":40,"column":63}},{"start":{},"end":{}}],"line":40},"3":{"loc":{"start":{"line":41,"column":12},"end":{"line":44,"column":13}},"type":"if","locations":[{"start":{"line":41,"column":12},"end":{"line":44,"column":13}},{"start":{},"end":{}}],"line":41},"4":{"loc":{"start":{"line":55,"column":12},"end":{"line":55,"column":63}},"type":"if","locations":[{"start":{"line":55,"column":12},"end":{"line":55,"column":63}},{"start":{},"end":{}}],"line":55}},"s":{"0":1,"1":6,"2":6,"3":6,"4":3,"5":1,"6":1,"7":1,"8":2,"9":2,"10":2,"11":2,"12":2,"13":6,"14":1,"15":0,"16":1,"17":6,"18":0,"19":0,"20":0,"21":0,"22":0,"23":0,"24":0,"25":0,"26":0,"27":6,"28":0,"29":0,"30":0,"31":6},"f":{"0":6,"1":3,"2":2,"3":1,"4":0,"5":0},"b":{"0":[1,2],"1":[0,1],"2":[0,0],"3":[0,0],"4":[0,0]},"_coverageSchema":"1a1c01bbd47fc00a2c39e90264f33305004495a9","hash":"b0b625f91624e8418094c99f44f3d1e886b2e30c"}
,"/home/hiiidt/cmu-67443/project/StreamBuddies/src/repositories/UserRepository.ts": {"path":"/home/hiiidt/cmu-67443/project/StreamBuddies/src/repositories/UserRepository.ts","statementMap":{"0":{"start":{"line":18,"column":29},"end":{"line":18,"column":36}},"1":{"start":{"line":27,"column":32},"end":{"line":27,"column":67}},"2":{"start":{"line":31,"column":8},"end":{"line":51,"column":11}},"3":{"start":{"line":32,"column":37},"end":{"line":32,"column":39}},"4":{"start":{"line":33,"column":12},"end":{"line":48,"column":15}},"5":{"start":{"line":35,"column":29},"end":{"line":35,"column":39}},"6":{"start":{"line":36,"column":16},"end":{"line":47,"column":19}},"7":{"start":{"line":50,"column":12},"end":{"line":50,"column":28}},"8":{"start":{"line":55,"column":27},"end":{"line":55,"column":60}},"9":{"start":{"line":57,"column":8},"end":{"line":76,"column":10}},"10":{"start":{"line":58,"column":12},"end":{"line":61,"column":13}},"11":{"start":{"line":59,"column":16},"end":{"line":59,"column":31}},"12":{"start":{"line":60,"column":16},"end":{"line":60,"column":23}},"13":{"start":{"line":63,"column":25},"end":{"line":63,"column":39}},"14":{"start":{"line":64,"column":12},"end":{"line":75,"column":15}},"15":{"start":{"line":80,"column":27},"end":{"line":80,"column":60}},"16":{"start":{"line":81,"column":21},"end":{"line":81,"column":45}},"17":{"start":{"line":83,"column":8},"end":{"line":83,"column":40}},"18":{"start":{"line":83,"column":28},"end":{"line":83,"column":40}},"19":{"start":{"line":85,"column":21},"end":{"line":85,"column":32}},"20":{"start":{"line":86,"column":8},"end":{"line":97,"column":10}},"21":{"start":{"line":125,"column":27},"end":{"line":125,"column":60}},"22":{"start":{"line":126,"column":8},"end":{"line":130,"column":11}},"23":{"start":{"line":138,"column":8},"end":{"line":138,"column":33}},"24":{"start":{"line":139,"column":8},"end":{"line":141,"column":9}},"25":{"start":{"line":140,"column":12},"end":{"line":140,"column":66}},"26":{"start":{"line":142,"column":24},"end":{"line":142,"column":61}},"27":{"start":{"line":143,"column":8},"end":{"line":143,"column":26}},"28":{"start":{"line":144,"column":8},"end":{"line":155,"column":11}},"29":{"start":{"line":163,"column":24},"end":{"line":163,"column":60}},"30":{"start":{"line":164,"column":8},"end":{"line":164,"column":33}},"31":{"start":{"line":185,"column":30},"end":{"line":185,"column":50}}},"fnMap":{"0":{"name":"(anonymous_0)","decl":{"start":{"line":25,"column":4},"end":{"line":25,"column":5}},"loc":{"start":{"line":25,"column":64},"end":{"line":52,"column":5}},"line":25},"1":{"name":"(anonymous_1)","decl":{"start":{"line":31,"column":43},"end":{"line":31,"column":44}},"loc":{"start":{"line":31,"column":62},"end":{"line":51,"column":9}},"line":31},"2":{"name":"(anonymous_2)","decl":{"start":{"line":33,"column":34},"end":{"line":33,"column":35}},"loc":{"start":{"line":33,"column":43},"end":{"line":48,"column":13}},"line":33},"3":{"name":"(anonymous_3)","decl":{"start":{"line":54,"column":4},"end":{"line":54,"column":5}},"loc":{"start":{"line":54,"column":85},"end":{"line":77,"column":5}},"line":54},"4":{"name":"(anonymous_4)","decl":{"start":{"line":57,"column":38},"end":{"line":57,"column":39}},"loc":{"start":{"line":57,"column":51},"end":{"line":76,"column":9}},"line":57},"5":{"name":"(anonymous_5)","decl":{"start":{"line":79,"column":4},"end":{"line":79,"column":5}},"loc":{"start":{"line":79,"column":54},"end":{"line":98,"column":5}},"line":79},"6":{"name":"(anonymous_6)","decl":{"start":{"line":124,"column":4},"end":{"line":124,"column":5}},"loc":{"start":{"line":124,"column":57},"end":{"line":131,"column":5}},"line":124},"7":{"name":"(anonymous_7)","decl":{"start":{"line":137,"column":4},"end":{"line":137,"column":5}},"loc":{"start":{"line":137,"column":47},"end":{"line":156,"column":5}},"line":137},"8":{"name":"(anonymous_8)","decl":{"start":{"line":162,"column":4},"end":{"line":162,"column":5}},"loc":{"start":{"line":162,"column":48},"end":{"line":165,"column":5}},"line":162}},"branchMap":{"0":{"loc":{"start":{"line":58,"column":12},"end":{"line":61,"column":13}},"type":"if","locations":[{"start":{"line":58,"column":12},"end":{"line":61,"column":13}},{"start":{},"end":{}}],"line":58},"1":{"loc":{"start":{"line":83,"column":8},"end":{"line":83,"column":40}},"type":"if","locations":[{"start":{"line":83,"column":8},"end":{"line":83,"column":40}},{"start":{},"end":{}}],"line":83},"2":{"loc":{"start":{"line":139,"column":8},"end":{"line":141,"column":9}},"type":"if","locations":[{"start":{"line":139,"column":8},"end":{"line":141,"column":9}},{"start":{},"end":{}}],"line":139}},"s":{"0":1,"1":0,"2":0,"3":0,"4":0,"5":0,"6":0,"7":0,"8":0,"9":0,"10":0,"11":0,"12":0,"13":0,"14":0,"15":0,"16":0,"17":0,"18":0,"19":0,"20":0,"21":0,"22":0,"23":0,"24":0,"25":0,"26":0,"27":0,"28":0,"29":0,"30":0,"31":1},"f":{"0":0,"1":0,"2":0,"3":0,"4":0,"5":0,"6":0,"7":0,"8":0},"b":{"0":[0,0],"1":[0,0],"2":[0,0]},"_coverageSchema":"1a1c01bbd47fc00a2c39e90264f33305004495a9","hash":"431d630d35844d7acd6417806acf233067570c79"}
,"/home/hiiidt/cmu-67443/project/StreamBuddies/src/screens/Swipe/Components/MovieCard.tsx": {"path":"/home/hiiidt/cmu-67443/project/StreamBuddies/src/screens/Swipe/Components/MovieCard.tsx","statementMap":{"0":{"start":{"line":10,"column":35},"end":{"line":54,"column":1}},"1":{"start":{"line":11,"column":40},"end":{"line":11,"column":55}},"2":{"start":{"line":13,"column":20},"end":{"line":15,"column":10}},"3":{"start":{"line":17,"column":2},"end":{"line":53,"column":4}},"4":{"start":{"line":32,"column":31},"end":{"line":32,"column":51}},"5":{"start":{"line":56,"column":15},"end":{"line":90,"column":2}}},"fnMap":{"0":{"name":"(anonymous_0)","decl":{"start":{"line":10,"column":35},"end":{"line":10,"column":36}},"loc":{"start":{"line":10,"column":62},"end":{"line":54,"column":1}},"line":10},"1":{"name":"(anonymous_1)","decl":{"start":{"line":32,"column":25},"end":{"line":32,"column":26}},"loc":{"start":{"line":32,"column":31},"end":{"line":32,"column":51}},"line":32}},"branchMap":{"0":{"loc":{"start":{"line":13,"column":20},"end":{"line":15,"column":10}},"type":"cond-expr","locations":[{"start":{"line":14,"column":6},"end":{"line":14,"column":62}},{"start":{"line":15,"column":6},"end":{"line":15,"column":10}}],"line":13},"1":{"loc":{"start":{"line":21,"column":9},"end":{"line":39,"column":9}},"type":"cond-expr","locations":[{"start":{"line":22,"column":10},"end":{"line":34,"column":13}},{"start":{"line":36,"column":10},"end":{"line":38,"column":17}}],"line":21},"2":{"loc":{"start":{"line":23,"column":13},"end":{"line":27,"column":13}},"type":"binary-expr","locations":[{"start":{"line":23,"column":13},"end":{"line":23,"column":25}},{"start":{"line":24,"column":14},"end":{"line":26,"column":21}}],"line":23}},"s":{"0":1,"1":2,"2":2,"3":2,"4":0,"5":1},"f":{"0":2,"1":0},"b":{"0":[1,1],"1":[1,1],"2":[1,1]},"_coverageSchema":"1a1c01bbd47fc00a2c39e90264f33305004495a9","hash":"eeac7c5cc2cc05fdfc3537a4af3502adb5168631"}
,"/home/hiiidt/cmu-67443/project/StreamBuddies/src/utils/phone.ts": {"path":"/home/hiiidt/cmu-67443/project/StreamBuddies/src/utils/phone.ts","statementMap":{"0":{"start":{"line":3,"column":27},"end":{"line":12,"column":1}},"1":{"start":{"line":6,"column":20},"end":{"line":6,"column":46}},"2":{"start":{"line":7,"column":19},"end":{"line":7,"column":35}},"3":{"start":{"line":8,"column":4},"end":{"line":8,"column":47}},"4":{"start":{"line":8,"column":28},"end":{"line":8,"column":47}},"5":{"start":{"line":9,"column":4},"end":{"line":9,"column":80}},"6":{"start":{"line":9,"column":28},"end":{"line":9,"column":80}},"7":{"start":{"line":10,"column":4},"end":{"line":10,"column":82}}},"fnMap":{"0":{"name":"(anonymous_0)","decl":{"start":{"line":3,"column":27},"end":{"line":3,"column":28}},"loc":{"start":{"line":3,"column":53},"end":{"line":12,"column":1}},"line":3}},"branchMap":{"0":{"loc":{"start":{"line":8,"column":4},"end":{"line":8,"column":47}},"type":"if","locations":[{"start":{"line":8,"column":4},"end":{"line":8,"column":47}},{"start":{},"end":{}}],"line":8},"1":{"loc":{"start":{"line":9,"column":4},"end":{"line":9,"column":80}},"type":"if","locations":[{"start":{"line":9,"column":4},"end":{"line":9,"column":80}},{"start":{},"end":{}}],"line":9}},"s":{"0":2,"1":9,"2":9,"3":9,"4":5,"5":4,"6":2,"7":2},"f":{"0":9},"b":{"0":[5,4],"1":[2,2]},"_coverageSchema":"1a1c01bbd47fc00a2c39e90264f33305004495a9","hash":"be6d4ea93aef6e6acdb0775a8ccd2fa297c92fa7"}
}
