{"/Users/rkinny/Desktop/senior year/67443/StreamBuddies/config/firebase.ts": {"path":"/Users/rkinny/Desktop/senior year/67443/StreamBuddies/config/firebase.ts","statementMap":{"0":{"start":{"line":8,"column":23},"end":{"line":15,"column":1}},"1":{"start":{"line":18,"column":12},"end":{"line":18,"column":41}},"2":{"start":{"line":21,"column":29},"end":{"line":21,"column":46}}},"fnMap":{},"branchMap":{},"s":{"0":3,"1":3,"2":3},"f":{},"b":{},"_coverageSchema":"1a1c01bbd47fc00a2c39e90264f33305004495a9","hash":"50994396bff344a098a3a8127703966ec0d49194"}
,"/Users/rkinny/Desktop/senior year/67443/StreamBuddies/src/hooks/useList.ts": {"path":"/Users/rkinny/Desktop/senior year/67443/StreamBuddies/src/hooks/useList.ts","statementMap":{"0":{"start":{"line":5,"column":23},"end":{"line":47,"column":1}},"1":{"start":{"line":6,"column":28},"end":{"line":19,"column":5}},"2":{"start":{"line":21,"column":23},"end":{"line":23,"column":5}},"3":{"start":{"line":22,"column":8},"end":{"line":22,"column":53}},"4":{"start":{"line":22,"column":27},"end":{"line":22,"column":50}},"5":{"start":{"line":25,"column":21},"end":{"line":33,"column":5}},"6":{"start":{"line":26,"column":8},"end":{"line":32,"column":9}},"7":{"start":{"line":28,"column":12},"end":{"line":28,"column":46}},"8":{"start":{"line":31,"column":12},"end":{"line":31,"column":43}},"9":{"start":{"line":35,"column":23},"end":{"line":39,"column":5}},"10":{"start":{"line":36,"column":8},"end":{"line":38,"column":9}},"11":{"start":{"line":37,"column":12},"end":{"line":37,"column":49}},"12":{"start":{"line":41,"column":4},"end":{"line":46,"column":5}}},"fnMap":{"0":{"name":"(anonymous_0)","decl":{"start":{"line":5,"column":23},"end":{"line":5,"column":24}},"loc":{"start":{"line":5,"column":55},"end":{"line":47,"column":1}},"line":5},"1":{"name":"(anonymous_1)","decl":{"start":{"line":21,"column":23},"end":{"line":21,"column":24}},"loc":{"start":{"line":21,"column":59},"end":{"line":23,"column":5}},"line":21},"2":{"name":"(anonymous_2)","decl":{"start":{"line":22,"column":16},"end":{"line":22,"column":17}},"loc":{"start":{"line":22,"column":27},"end":{"line":22,"column":50}},"line":22},"3":{"name":"(anonymous_3)","decl":{"start":{"line":25,"column":21},"end":{"line":25,"column":22}},"loc":{"start":{"line":25,"column":48},"end":{"line":33,"column":5}},"line":25},"4":{"name":"(anonymous_4)","decl":{"start":{"line":35,"column":23},"end":{"line":35,"column":24}},"loc":{"start":{"line":35,"column":50},"end":{"line":39,"column":5}},"line":35}},"branchMap":{"0":{"loc":{"start":{"line":7,"column":8},"end":{"line":18,"column":9}},"type":"binary-expr","locations":[{"start":{"line":7,"column":8},"end":{"line":7,"column":19}},{"start":{"line":7,"column":23},"end":{"line":18,"column":9}}],"line":7},"1":{"loc":{"start":{"line":26,"column":8},"end":{"line":32,"column":9}},"type":"if","locations":[{"start":{"line":26,"column":8},"end":{"line":32,"column":9}},{"start":{"line":29,"column":15},"end":{"line":32,"column":9}}],"line":26},"2":{"loc":{"start":{"line":36,"column":8},"end":{"line":38,"column":9}},"type":"if","locations":[{"start":{"line":36,"column":8},"end":{"line":38,"column":9}},{"start":{},"end":{}}],"line":36}},"s":{"0":2,"1":0,"2":0,"3":0,"4":0,"5":0,"6":0,"7":0,"8":0,"9":0,"10":0,"11":0,"12":0},"f":{"0":0,"1":0,"2":0,"3":0,"4":0},"b":{"0":[0,0],"1":[0,0],"2":[0,0]},"_coverageSchema":"1a1c01bbd47fc00a2c39e90264f33305004495a9","hash":"0220bdaef2daaa96e375b3c2784e1c29478b35f9"}
,"/Users/rkinny/Desktop/senior year/67443/StreamBuddies/src/hooks/useLists.ts": {"path":"/Users/rkinny/Desktop/senior year/67443/StreamBuddies/src/hooks/useLists.ts","statementMap":{"0":{"start":{"line":6,"column":24},"end":{"line":22,"column":1}},"1":{"start":{"line":7,"column":30},"end":{"line":7,"column":58}},"2":{"start":{"line":8,"column":42},"end":{"line":8,"column":56}},"3":{"start":{"line":10,"column":4},"end":{"line":19,"column":11}},"4":{"start":{"line":12,"column":28},"end":{"line":15,"column":10}},"5":{"start":{"line":13,"column":12},"end":{"line":13,"column":35}},"6":{"start":{"line":14,"column":12},"end":{"line":14,"column":34}},"7":{"start":{"line":18,"column":8},"end":{"line":18,"column":35}},"8":{"start":{"line":18,"column":21},"end":{"line":18,"column":34}},"9":{"start":{"line":21,"column":4},"end":{"line":21,"column":34}}},"fnMap":{"0":{"name":"(anonymous_0)","decl":{"start":{"line":6,"column":24},"end":{"line":6,"column":25}},"loc":{"start":{"line":6,"column":30},"end":{"line":22,"column":1}},"line":6},"1":{"name":"(anonymous_1)","decl":{"start":{"line":10,"column":14},"end":{"line":10,"column":15}},"loc":{"start":{"line":10,"column":20},"end":{"line":19,"column":5}},"line":10},"2":{"name":"(anonymous_2)","decl":{"start":{"line":12,"column":53},"end":{"line":12,"column":54}},"loc":{"start":{"line":12,"column":71},"end":{"line":15,"column":9}},"line":12},"3":{"name":"(anonymous_3)","decl":{"start":{"line":18,"column":15},"end":{"line":18,"column":16}},"loc":{"start":{"line":18,"column":21},"end":{"line":18,"column":34}},"line":18}},"branchMap":{},"s":{"0":1,"1":0,"2":0,"3":0,"4":0,"5":0,"6":0,"7":0,"8":0,"9":0},"f":{"0":0,"1":0,"2":0,"3":0},"b":{},"_coverageSchema":"1a1c01bbd47fc00a2c39e90264f33305004495a9","hash":"036644286087b252a8a74a8db3a4d2b6e8ac3864"}
,"/Users/rkinny/Desktop/senior year/67443/StreamBuddies/src/repositories/ListRepository.ts": {"path":"/Users/rkinny/Desktop/senior year/67443/StreamBuddies/src/repositories/ListRepository.ts","statementMap":{"0":{"start":{"line":16,"column":29},"end":{"line":16,"column":41}},"1":{"start":{"line":25,"column":32},"end":{"line":25,"column":67}},"2":{"start":{"line":29,"column":8},"end":{"line":57,"column":11}},"3":{"start":{"line":30,"column":42},"end":{"line":30,"column":44}},"4":{"start":{"line":31,"column":12},"end":{"line":47,"column":15}},"5":{"start":{"line":33,"column":29},"end":{"line":33,"column":39}},"6":{"start":{"line":34,"column":16},"end":{"line":46,"column":19}},"7":{"start":{"line":56,"column":12},"end":{"line":56,"column":28}},"8":{"start":{"line":67,"column":32},"end":{"line":67,"column":67}},"9":{"start":{"line":68,"column":8},"end":{"line":78,"column":11}},"10":{"start":{"line":86,"column":8},"end":{"line":88,"column":9}},"11":{"start":{"line":87,"column":12},"end":{"line":87,"column":66}},"12":{"start":{"line":89,"column":24},"end":{"line":89,"column":61}},"13":{"start":{"line":90,"column":8},"end":{"line":100,"column":11}},"14":{"start":{"line":108,"column":24},"end":{"line":108,"column":60}},"15":{"start":{"line":109,"column":8},"end":{"line":109,"column":33}},"16":{"start":{"line":117,"column":8},"end":{"line":119,"column":9}},"17":{"start":{"line":118,"column":12},"end":{"line":118,"column":66}},"18":{"start":{"line":121,"column":24},"end":{"line":121,"column":61}},"19":{"start":{"line":122,"column":8},"end":{"line":124,"column":11}},"20":{"start":{"line":129,"column":30},"end":{"line":129,"column":50}}},"fnMap":{"0":{"name":"(anonymous_0)","decl":{"start":{"line":23,"column":4},"end":{"line":23,"column":5}},"loc":{"start":{"line":23,"column":69},"end":{"line":58,"column":5}},"line":23},"1":{"name":"(anonymous_1)","decl":{"start":{"line":29,"column":43},"end":{"line":29,"column":44}},"loc":{"start":{"line":29,"column":62},"end":{"line":57,"column":9}},"line":29},"2":{"name":"(anonymous_2)","decl":{"start":{"line":31,"column":34},"end":{"line":31,"column":35}},"loc":{"start":{"line":31,"column":43},"end":{"line":47,"column":13}},"line":31},"3":{"name":"(anonymous_3)","decl":{"start":{"line":66,"column":4},"end":{"line":66,"column":5}},"loc":{"start":{"line":66,"column":61},"end":{"line":79,"column":5}},"line":66},"4":{"name":"(anonymous_4)","decl":{"start":{"line":85,"column":4},"end":{"line":85,"column":5}},"loc":{"start":{"line":85,"column":52},"end":{"line":101,"column":5}},"line":85},"5":{"name":"(anonymous_5)","decl":{"start":{"line":107,"column":4},"end":{"line":107,"column":5}},"loc":{"start":{"line":107,"column":48},"end":{"line":110,"column":5}},"line":107},"6":{"name":"(anonymous_6)","decl":{"start":{"line":116,"column":4},"end":{"line":116,"column":5}},"loc":{"start":{"line":116,"column":62},"end":{"line":125,"column":5}},"line":116}},"branchMap":{"0":{"loc":{"start":{"line":86,"column":8},"end":{"line":88,"column":9}},"type":"if","locations":[{"start":{"line":86,"column":8},"end":{"line":88,"column":9}},{"start":{},"end":{}}],"line":86},"1":{"loc":{"start":{"line":117,"column":8},"end":{"line":119,"column":9}},"type":"if","locations":[{"start":{"line":117,"column":8},"end":{"line":119,"column":9}},{"start":{},"end":{}}],"line":117}},"s":{"0":3,"1":0,"2":0,"3":0,"4":0,"5":0,"6":0,"7":0,"8":0,"9":0,"10":0,"11":0,"12":0,"13":0,"14":0,"15":0,"16":0,"17":0,"18":0,"19":0,"20":3},"f":{"0":0,"1":0,"2":0,"3":0,"4":0,"5":0,"6":0},"b":{"0":[0,0],"1":[0,0]},"_coverageSchema":"1a1c01bbd47fc00a2c39e90264f33305004495a9","hash":"d83bddb61b87f56fb9f9fb0eb8bb7ea6ead4b7b7"}
,"/Users/rkinny/Desktop/senior year/67443/StreamBuddies/src/screens/Lists/ListDetailView.tsx": {"path":"/Users/rkinny/Desktop/senior year/67443/StreamBuddies/src/screens/Lists/ListDetailView.tsx","statementMap":{"0":{"start":{"line":26,"column":34},"end":{"line":188,"column":1}},"1":{"start":{"line":27,"column":16},"end":{"line":27,"column":51}},"2":{"start":{"line":28,"column":51},"end":{"line":28,"column":60}},"3":{"start":{"line":29,"column":19},"end":{"line":29,"column":31}},"4":{"start":{"line":30,"column":36},"end":{"line":30,"column":81}},"5":{"start":{"line":31,"column":23},"end":{"line":31,"column":59}},"6":{"start":{"line":32,"column":36},"end":{"line":32,"column":51}},"7":{"start":{"line":34,"column":2},"end":{"line":39,"column":13}},"8":{"start":{"line":35,"column":4},"end":{"line":38,"column":7}},"9":{"start":{"line":41,"column":30},"end":{"line":73,"column":3}},"10":{"start":{"line":42,"column":4},"end":{"line":72,"column":5}},"11":{"start":{"line":43,"column":6},"end":{"line":46,"column":7}},"12":{"start":{"line":44,"column":8},"end":{"line":44,"column":46}},"13":{"start":{"line":45,"column":8},"end":{"line":45,"column":15}},"14":{"start":{"line":47,"column":30},"end":{"line":47,"column":76}},"15":{"start":{"line":48,"column":28},"end":{"line":48,"column":58}},"16":{"start":{"line":50,"column":29},"end":{"line":53,"column":9}},"17":{"start":{"line":50,"column":60},"end":{"line":53,"column":7}},"18":{"start":{"line":55,"column":23},"end":{"line":67,"column":8}},"19":{"start":{"line":56,"column":20},"end":{"line":58,"column":9}},"20":{"start":{"line":59,"column":25},"end":{"line":59,"column":41}},"21":{"start":{"line":60,"column":8},"end":{"line":66,"column":9}},"22":{"start":{"line":68,"column":22},"end":{"line":68,"column":49}},"23":{"start":{"line":69,"column":6},"end":{"line":69,"column":28}},"24":{"start":{"line":71,"column":6},"end":{"line":71,"column":59}},"25":{"start":{"line":75,"column":2},"end":{"line":77,"column":12}},"26":{"start":{"line":76,"column":4},"end":{"line":76,"column":26}},"27":{"start":{"line":79,"column":26},"end":{"line":82,"column":3}},"28":{"start":{"line":80,"column":4},"end":{"line":80,"column":21}},"29":{"start":{"line":81,"column":4},"end":{"line":81,"column":24}},"30":{"start":{"line":84,"column":23},"end":{"line":90,"column":3}},"31":{"start":{"line":85,"column":4},"end":{"line":85,"column":47}},"32":{"start":{"line":86,"column":4},"end":{"line":89,"column":5}},"33":{"start":{"line":87,"column":6},"end":{"line":87,"column":37}},"34":{"start":{"line":88,"column":6},"end":{"line":88,"column":26}},"35":{"start":{"line":92,"column":31},"end":{"line":100,"column":3}},"36":{"start":{"line":93,"column":20},"end":{"line":93,"column":78}},"37":{"start":{"line":94,"column":4},"end":{"line":94,"column":93}},"38":{"start":{"line":96,"column":4},"end":{"line":96,"column":87}},"39":{"start":{"line":96,"column":30},"end":{"line":96,"column":85}},"40":{"start":{"line":96,"column":55},"end":{"line":96,"column":84}},"41":{"start":{"line":98,"column":4},"end":{"line":98,"column":29}},"42":{"start":{"line":102,"column":2},"end":{"line":187,"column":4}},"43":{"start":{"line":110,"column":38},"end":{"line":110,"column":64}},"44":{"start":{"line":113,"column":38},"end":{"line":113,"column":71}},"45":{"start":{"line":122,"column":43},"end":{"line":122,"column":60}},"46":{"start":{"line":126,"column":43},"end":{"line":126,"column":57}},"47":{"start":{"line":135,"column":10},"end":{"line":144,"column":17}},"48":{"start":{"line":137,"column":43},"end":{"line":137,"column":77}},"49":{"start":{"line":164,"column":43},"end":{"line":164,"column":61}},"50":{"start":{"line":168,"column":43},"end":{"line":168,"column":57}},"51":{"start":{"line":177,"column":10},"end":{"line":180,"column":12}}},"fnMap":{"0":{"name":"(anonymous_0)","decl":{"start":{"line":26,"column":34},"end":{"line":26,"column":35}},"loc":{"start":{"line":26,"column":54},"end":{"line":188,"column":1}},"line":26},"1":{"name":"(anonymous_1)","decl":{"start":{"line":34,"column":12},"end":{"line":34,"column":13}},"loc":{"start":{"line":34,"column":18},"end":{"line":39,"column":3}},"line":34},"2":{"name":"(anonymous_2)","decl":{"start":{"line":41,"column":30},"end":{"line":41,"column":31}},"loc":{"start":{"line":41,"column":42},"end":{"line":73,"column":3}},"line":41},"3":{"name":"(anonymous_3)","decl":{"start":{"line":50,"column":52},"end":{"line":50,"column":53}},"loc":{"start":{"line":50,"column":60},"end":{"line":53,"column":7}},"line":50},"4":{"name":"(anonymous_4)","decl":{"start":{"line":55,"column":42},"end":{"line":55,"column":43}},"loc":{"start":{"line":55,"column":58},"end":{"line":67,"column":7}},"line":55},"5":{"name":"(anonymous_5)","decl":{"start":{"line":75,"column":12},"end":{"line":75,"column":13}},"loc":{"start":{"line":75,"column":18},"end":{"line":77,"column":3}},"line":75},"6":{"name":"(anonymous_6)","decl":{"start":{"line":79,"column":26},"end":{"line":79,"column":27}},"loc":{"start":{"line":79,"column":38},"end":{"line":82,"column":3}},"line":79},"7":{"name":"(anonymous_7)","decl":{"start":{"line":84,"column":23},"end":{"line":84,"column":24}},"loc":{"start":{"line":84,"column":35},"end":{"line":90,"column":3}},"line":84},"8":{"name":"(anonymous_8)","decl":{"start":{"line":92,"column":31},"end":{"line":92,"column":32}},"loc":{"start":{"line":92,"column":64},"end":{"line":100,"column":3}},"line":92},"9":{"name":"(anonymous_9)","decl":{"start":{"line":96,"column":17},"end":{"line":96,"column":18}},"loc":{"start":{"line":96,"column":30},"end":{"line":96,"column":85}},"line":96},"10":{"name":"(anonymous_10)","decl":{"start":{"line":96,"column":47},"end":{"line":96,"column":48}},"loc":{"start":{"line":96,"column":55},"end":{"line":96,"column":84}},"line":96},"11":{"name":"(anonymous_11)","decl":{"start":{"line":110,"column":28},"end":{"line":110,"column":29}},"loc":{"start":{"line":110,"column":38},"end":{"line":110,"column":64}},"line":110},"12":{"name":"(anonymous_12)","decl":{"start":{"line":113,"column":28},"end":{"line":113,"column":29}},"loc":{"start":{"line":113,"column":38},"end":{"line":113,"column":71}},"line":113},"13":{"name":"(anonymous_13)","decl":{"start":{"line":122,"column":37},"end":{"line":122,"column":38}},"loc":{"start":{"line":122,"column":43},"end":{"line":122,"column":60}},"line":122},"14":{"name":"(anonymous_14)","decl":{"start":{"line":126,"column":37},"end":{"line":126,"column":38}},"loc":{"start":{"line":126,"column":43},"end":{"line":126,"column":57}},"line":126},"15":{"name":"(anonymous_15)","decl":{"start":{"line":134,"column":23},"end":{"line":134,"column":24}},"loc":{"start":{"line":135,"column":10},"end":{"line":144,"column":17}},"line":135},"16":{"name":"(anonymous_16)","decl":{"start":{"line":137,"column":37},"end":{"line":137,"column":38}},"loc":{"start":{"line":137,"column":43},"end":{"line":137,"column":77}},"line":137},"17":{"name":"(anonymous_17)","decl":{"start":{"line":164,"column":37},"end":{"line":164,"column":38}},"loc":{"start":{"line":164,"column":43},"end":{"line":164,"column":61}},"line":164},"18":{"name":"(anonymous_18)","decl":{"start":{"line":168,"column":37},"end":{"line":168,"column":38}},"loc":{"start":{"line":168,"column":43},"end":{"line":168,"column":57}},"line":168},"19":{"name":"(anonymous_19)","decl":{"start":{"line":176,"column":23},"end":{"line":176,"column":24}},"loc":{"start":{"line":177,"column":10},"end":{"line":180,"column":12}},"line":177}},"branchMap":{"0":{"loc":{"start":{"line":37,"column":19},"end":{"line":37,"column":41}},"type":"binary-expr","locations":[{"start":{"line":37,"column":19},"end":{"line":37,"column":35}},{"start":{"line":37,"column":39},"end":{"line":37,"column":41}}],"line":37},"1":{"loc":{"start":{"line":43,"column":6},"end":{"line":46,"column":7}},"type":"if","locations":[{"start":{"line":43,"column":6},"end":{"line":46,"column":7}},{"start":{},"end":{}}],"line":43},"2":{"loc":{"start":{"line":65,"column":17},"end":{"line":65,"column":47}},"type":"binary-expr","locations":[{"start":{"line":65,"column":17},"end":{"line":65,"column":27}},{"start":{"line":65,"column":31},"end":{"line":65,"column":47}}],"line":65},"3":{"loc":{"start":{"line":86,"column":4},"end":{"line":89,"column":5}},"type":"if","locations":[{"start":{"line":86,"column":4},"end":{"line":89,"column":5}},{"start":{},"end":{}}],"line":86},"4":{"loc":{"start":{"line":105,"column":7},"end":{"line":184,"column":7}},"type":"cond-expr","locations":[{"start":{"line":106,"column":8},"end":{"line":148,"column":11}},{"start":{"line":151,"column":8},"end":{"line":183,"column":11}}],"line":105}},"s":{"0":1,"1":0,"2":0,"3":0,"4":0,"5":0,"6":0,"7":0,"8":0,"9":0,"10":0,"11":0,"12":0,"13":0,"14":0,"15":0,"16":0,"17":0,"18":0,"19":0,"20":0,"21":0,"22":0,"23":0,"24":0,"25":0,"26":0,"27":0,"28":0,"29":0,"30":0,"31":0,"32":0,"33":0,"34":0,"35":0,"36":0,"37":0,"38":0,"39":0,"40":0,"41":0,"42":0,"43":0,"44":0,"45":0,"46":0,"47":0,"48":0,"49":0,"50":0,"51":0},"f":{"0":0,"1":0,"2":0,"3":0,"4":0,"5":0,"6":0,"7":0,"8":0,"9":0,"10":0,"11":0,"12":0,"13":0,"14":0,"15":0,"16":0,"17":0,"18":0,"19":0},"b":{"0":[0,0],"1":[0,0],"2":[0,0],"3":[0,0],"4":[0,0]},"_coverageSchema":"1a1c01bbd47fc00a2c39e90264f33305004495a9","hash":"5b45f5fb894edd1ed38db04ed746b2710844f496"}
,"/Users/rkinny/Desktop/senior year/67443/StreamBuddies/src/screens/Lists/ListsView.tsx": {"path":"/Users/rkinny/Desktop/senior year/67443/StreamBuddies/src/screens/Lists/ListsView.tsx","statementMap":{"0":{"start":{"line":18,"column":35},"end":{"line":54,"column":1}},"1":{"start":{"line":19,"column":33},"end":{"line":19,"column":43}},"2":{"start":{"line":21,"column":44},"end":{"line":29,"column":3}},"3":{"start":{"line":31,"column":2},"end":{"line":51,"column":4}},"4":{"start":{"line":37,"column":25},"end":{"line":37,"column":55}},"5":{"start":{"line":42,"column":10},"end":{"line":46,"column":12}},"6":{"start":{"line":45,"column":27},"end":{"line":45,"column":76}}},"fnMap":{"0":{"name":"(anonymous_0)","decl":{"start":{"line":18,"column":35},"end":{"line":18,"column":36}},"loc":{"start":{"line":18,"column":55},"end":{"line":54,"column":1}},"line":18},"1":{"name":"(anonymous_1)","decl":{"start":{"line":37,"column":19},"end":{"line":37,"column":20}},"loc":{"start":{"line":37,"column":25},"end":{"line":37,"column":55}},"line":37},"2":{"name":"(anonymous_2)","decl":{"start":{"line":41,"column":19},"end":{"line":41,"column":20}},"loc":{"start":{"line":42,"column":10},"end":{"line":46,"column":12}},"line":42},"3":{"name":"(anonymous_3)","decl":{"start":{"line":45,"column":21},"end":{"line":45,"column":22}},"loc":{"start":{"line":45,"column":27},"end":{"line":45,"column":76}},"line":45}},"branchMap":{},"s":{"0":1,"1":4,"2":0,"3":0,"4":0,"5":0,"6":0},"f":{"0":4,"1":0,"2":0,"3":0},"b":{},"_coverageSchema":"1a1c01bbd47fc00a2c39e90264f33305004495a9","hash":"bfae598c27b3cf58e880bc55cb0758bdd5d9a22e"}
,"/Users/rkinny/Desktop/senior year/67443/StreamBuddies/src/screens/Lists/NewListView.tsx": {"path":"/Users/rkinny/Desktop/senior year/67443/StreamBuddies/src/screens/Lists/NewListView.tsx","statementMap":{"0":{"start":{"line":17,"column":37},"end":{"line":56,"column":1}},"1":{"start":{"line":18,"column":41},"end":{"line":18,"column":50}},"2":{"start":{"line":20,"column":21},"end":{"line":20,"column":66}},"3":{"start":{"line":23,"column":2},"end":{"line":53,"column":4}},"4":{"start":{"line":31,"column":34},"end":{"line":31,"column":59}},"5":{"start":{"line":38,"column":34},"end":{"line":38,"column":66}}},"fnMap":{"0":{"name":"(anonymous_0)","decl":{"start":{"line":17,"column":37},"end":{"line":17,"column":38}},"loc":{"start":{"line":17,"column":57},"end":{"line":56,"column":1}},"line":17},"1":{"name":"(anonymous_1)","decl":{"start":{"line":31,"column":24},"end":{"line":31,"column":25}},"loc":{"start":{"line":31,"column":34},"end":{"line":31,"column":59}},"line":31},"2":{"name":"(anonymous_2)","decl":{"start":{"line":38,"column":24},"end":{"line":38,"column":25}},"loc":{"start":{"line":38,"column":34},"end":{"line":38,"column":66}},"line":38}},"branchMap":{},"s":{"0":1,"1":25,"2":25,"3":25,"4":9,"5":3},"f":{"0":25,"1":9,"2":3},"b":{},"_coverageSchema":"1a1c01bbd47fc00a2c39e90264f33305004495a9","hash":"ccf08fb9fcd0705f86cfce3a522d0f7ff39848a5"}
,"/Users/rkinny/Desktop/senior year/67443/StreamBuddies/src/screens/Swipe/useExploreSwiper.ts": {"path":"/Users/rkinny/Desktop/senior year/67443/StreamBuddies/src/screens/Swipe/useExploreSwiper.ts","statementMap":{"0":{"start":{"line":28,"column":32},"end":{"line":28,"column":77}},"1":{"start":{"line":29,"column":29},"end":{"line":29,"column":71}},"2":{"start":{"line":30,"column":28},"end":{"line":30,"column":52}},"3":{"start":{"line":32,"column":18},"end":{"line":32,"column":57}},"4":{"start":{"line":33,"column":19},"end":{"line":33,"column":55}},"5":{"start":{"line":35,"column":34},"end":{"line":37,"column":34}},"6":{"start":{"line":40,"column":19},"end":{"line":40,"column":54}},"7":{"start":{"line":41,"column":15},"end":{"line":41,"column":63}},"8":{"start":{"line":43,"column":4},"end":{"line":43,"column":85}},"9":{"start":{"line":44,"column":2},"end":{"line":44,"column":44}},"10":{"start":{"line":44,"column":17},"end":{"line":44,"column":44}},"11":{"start":{"line":45,"column":2},"end":{"line":45,"column":57}},"12":{"start":{"line":57,"column":2},"end":{"line":88,"column":3}},"13":{"start":{"line":58,"column":16},"end":{"line":60,"column":6}},"14":{"start":{"line":61,"column":17},"end":{"line":61,"column":33}},"15":{"start":{"line":62,"column":4},"end":{"line":62,"column":66}},"16":{"start":{"line":62,"column":17},"end":{"line":62,"column":66}},"17":{"start":{"line":66,"column":4},"end":{"line":76,"column":5}},"18":{"start":{"line":67,"column":22},"end":{"line":67,"column":55}},"19":{"start":{"line":68,"column":17},"end":{"line":68,"column":64}},"20":{"start":{"line":68,"column":42},"end":{"line":68,"column":63}},"21":{"start":{"line":69,"column":19},"end":{"line":69,"column":56}},"22":{"start":{"line":70,"column":6},"end":{"line":70,"column":32}},"23":{"start":{"line":70,"column":16},"end":{"line":70,"column":32}},"24":{"start":{"line":72,"column":22},"end":{"line":72,"column":57}},"25":{"start":{"line":73,"column":17},"end":{"line":73,"column":64}},"26":{"start":{"line":73,"column":42},"end":{"line":73,"column":63}},"27":{"start":{"line":74,"column":21},"end":{"line":74,"column":31}},"28":{"start":{"line":75,"column":6},"end":{"line":75,"column":36}},"29":{"start":{"line":75,"column":18},"end":{"line":75,"column":36}},"30":{"start":{"line":78,"column":24},"end":{"line":78,"column":64}},"31":{"start":{"line":79,"column":21},"end":{"line":79,"column":48}},"32":{"start":{"line":80,"column":26},"end":{"line":82,"column":22}},"33":{"start":{"line":81,"column":23},"end":{"line":81,"column":38}},"34":{"start":{"line":84,"column":4},"end":{"line":84,"column":75}},"35":{"start":{"line":86,"column":4},"end":{"line":86,"column":51}},"36":{"start":{"line":87,"column":4},"end":{"line":87,"column":14}},"37":{"start":{"line":96,"column":17},"end":{"line":103,"column":4}},"38":{"start":{"line":106,"column":2},"end":{"line":115,"column":3}},"39":{"start":{"line":107,"column":4},"end":{"line":107,"column":60}},"40":{"start":{"line":109,"column":23},"end":{"line":109,"column":62}},"41":{"start":{"line":110,"column":4},"end":{"line":114,"column":5}},"42":{"start":{"line":111,"column":6},"end":{"line":111,"column":61}},"43":{"start":{"line":113,"column":6},"end":{"line":113,"column":62}},"44":{"start":{"line":118,"column":2},"end":{"line":149,"column":3}},"45":{"start":{"line":119,"column":14},"end":{"line":119,"column":26}},"46":{"start":{"line":120,"column":4},"end":{"line":148,"column":5}},"47":{"start":{"line":121,"column":6},"end":{"line":125,"column":7}},"48":{"start":{"line":122,"column":8},"end":{"line":122,"column":46}},"49":{"start":{"line":124,"column":8},"end":{"line":124,"column":45}},"50":{"start":{"line":127,"column":33},"end":{"line":127,"column":37}},"51":{"start":{"line":128,"column":31},"end":{"line":128,"column":35}},"52":{"start":{"line":129,"column":6},"end":{"line":138,"column":7}},"53":{"start":{"line":130,"column":8},"end":{"line":130,"column":29}},"54":{"start":{"line":131,"column":8},"end":{"line":131,"column":27}},"55":{"start":{"line":132,"column":13},"end":{"line":138,"column":7}},"56":{"start":{"line":133,"column":8},"end":{"line":133,"column":29}},"57":{"start":{"line":134,"column":8},"end":{"line":134,"column":27}},"58":{"start":{"line":135,"column":13},"end":{"line":138,"column":7}},"59":{"start":{"line":136,"column":8},"end":{"line":136,"column":29}},"60":{"start":{"line":137,"column":8},"end":{"line":137,"column":27}},"61":{"start":{"line":139,"column":6},"end":{"line":147,"column":7}},"62":{"start":{"line":140,"column":8},"end":{"line":146,"column":9}},"63":{"start":{"line":141,"column":10},"end":{"line":141,"column":56}},"64":{"start":{"line":142,"column":10},"end":{"line":142,"column":54}},"65":{"start":{"line":144,"column":10},"end":{"line":144,"column":50}},"66":{"start":{"line":145,"column":10},"end":{"line":145,"column":48}},"67":{"start":{"line":152,"column":2},"end":{"line":158,"column":3}},"68":{"start":{"line":153,"column":16},"end":{"line":153,"column":43}},"69":{"start":{"line":154,"column":16},"end":{"line":154,"column":44}},"70":{"start":{"line":155,"column":4},"end":{"line":157,"column":5}},"71":{"start":{"line":156,"column":6},"end":{"line":156,"column":47}},"72":{"start":{"line":161,"column":2},"end":{"line":171,"column":3}},"73":{"start":{"line":162,"column":18},"end":{"line":162,"column":19}},"74":{"start":{"line":163,"column":4},"end":{"line":165,"column":57}},"75":{"start":{"line":163,"column":38},"end":{"line":163,"column":52}},"76":{"start":{"line":164,"column":9},"end":{"line":165,"column":57}},"77":{"start":{"line":164,"column":43},"end":{"line":164,"column":57}},"78":{"start":{"line":165,"column":9},"end":{"line":165,"column":57}},"79":{"start":{"line":165,"column":43},"end":{"line":165,"column":57}},"80":{"start":{"line":167,"column":4},"end":{"line":170,"column":5}},"81":{"start":{"line":168,"column":6},"end":{"line":168,"column":54}},"82":{"start":{"line":169,"column":6},"end":{"line":169,"column":41}},"83":{"start":{"line":174,"column":4},"end":{"line":174,"column":74}},"84":{"start":{"line":176,"column":2},"end":{"line":176,"column":58}},"85":{"start":{"line":176,"column":17},"end":{"line":176,"column":58}},"86":{"start":{"line":177,"column":2},"end":{"line":177,"column":71}},"87":{"start":{"line":202,"column":26},"end":{"line":202,"column":51}},"88":{"start":{"line":203,"column":32},"end":{"line":203,"column":46}},"89":{"start":{"line":204,"column":44},"end":{"line":204,"column":59}},"90":{"start":{"line":206,"column":36},"end":{"line":206,"column":64}},"91":{"start":{"line":207,"column":26},"end":{"line":207,"column":37}},"92":{"start":{"line":208,"column":38},"end":{"line":208,"column":67}},"93":{"start":{"line":210,"column":42},"end":{"line":210,"column":53}},"94":{"start":{"line":212,"column":20},"end":{"line":212,"column":51}},"95":{"start":{"line":213,"column":18},"end":{"line":213,"column":55}},"96":{"start":{"line":214,"column":18},"end":{"line":214,"column":55}},"97":{"start":{"line":218,"column":20},"end":{"line":278,"column":3}},"98":{"start":{"line":223,"column":16},"end":{"line":223,"column":54}},"99":{"start":{"line":225,"column":4},"end":{"line":277,"column":5}},"100":{"start":{"line":226,"column":6},"end":{"line":227,"column":28}},"101":{"start":{"line":226,"column":27},"end":{"line":226,"column":50}},"102":{"start":{"line":227,"column":11},"end":{"line":227,"column":28}},"103":{"start":{"line":229,"column":18},"end":{"line":229,"column":61}},"104":{"start":{"line":230,"column":19},"end":{"line":230,"column":35}},"105":{"start":{"line":231,"column":6},"end":{"line":231,"column":74}},"106":{"start":{"line":231,"column":19},"end":{"line":231,"column":74}},"107":{"start":{"line":233,"column":32},"end":{"line":235,"column":12}},"108":{"start":{"line":237,"column":39},"end":{"line":246,"column":9}},"109":{"start":{"line":237,"column":65},"end":{"line":246,"column":7}},"110":{"start":{"line":248,"column":44},"end":{"line":253,"column":7}},"111":{"start":{"line":250,"column":25},"end":{"line":250,"column":61}},"112":{"start":{"line":251,"column":10},"end":{"line":251,"column":37}},"113":{"start":{"line":256,"column":22},"end":{"line":256,"column":38}},"114":{"start":{"line":257,"column":6},"end":{"line":263,"column":7}},"115":{"start":{"line":258,"column":23},"end":{"line":258,"column":53}},"116":{"start":{"line":259,"column":8},"end":{"line":262,"column":11}},"117":{"start":{"line":260,"column":10},"end":{"line":260,"column":46}},"118":{"start":{"line":260,"column":33},"end":{"line":260,"column":46}},"119":{"start":{"line":261,"column":10},"end":{"line":261,"column":65}},"120":{"start":{"line":265,"column":6},"end":{"line":265,"column":25}},"121":{"start":{"line":266,"column":6},"end":{"line":266,"column":26}},"122":{"start":{"line":267,"column":6},"end":{"line":269,"column":8}},"123":{"start":{"line":270,"column":6},"end":{"line":270,"column":25}},"124":{"start":{"line":272,"column":6},"end":{"line":272,"column":56}},"125":{"start":{"line":273,"column":6},"end":{"line":273,"column":18}},"126":{"start":{"line":275,"column":6},"end":{"line":276,"column":29}},"127":{"start":{"line":275,"column":27},"end":{"line":275,"column":51}},"128":{"start":{"line":276,"column":11},"end":{"line":276,"column":29}},"129":{"start":{"line":280,"column":22},"end":{"line":282,"column":3}},"130":{"start":{"line":281,"column":4},"end":{"line":281,"column":45}},"131":{"start":{"line":284,"column":27},"end":{"line":288,"column":3}},"132":{"start":{"line":286,"column":6},"end":{"line":286,"column":52}},"133":{"start":{"line":287,"column":4},"end":{"line":287,"column":49}},"134":{"start":{"line":290,"column":26},"end":{"line":293,"column":3}},"135":{"start":{"line":291,"column":4},"end":{"line":291,"column":32}},"136":{"start":{"line":291,"column":25},"end":{"line":291,"column":32}},"137":{"start":{"line":292,"column":4},"end":{"line":292,"column":20}},"138":{"start":{"line":295,"column":2},"end":{"line":298,"column":27}},"139":{"start":{"line":296,"column":4},"end":{"line":296,"column":39}},"140":{"start":{"line":300,"column":2},"end":{"line":317,"column":4}}},"fnMap":{"0":{"name":"detailsUrl","decl":{"start":{"line":39,"column":9},"end":{"line":39,"column":19}},"loc":{"start":{"line":39,"column":62},"end":{"line":46,"column":1}},"line":39},"1":{"name":"fetchExtrasForItem","decl":{"start":{"line":53,"column":15},"end":{"line":53,"column":33}},"loc":{"start":{"line":56,"column":25},"end":{"line":89,"column":1}},"line":56},"2":{"name":"(anonymous_2)","decl":{"start":{"line":68,"column":30},"end":{"line":68,"column":31}},"loc":{"start":{"line":68,"column":42},"end":{"line":68,"column":63}},"line":68},"3":{"name":"(anonymous_3)","decl":{"start":{"line":73,"column":30},"end":{"line":73,"column":31}},"loc":{"start":{"line":73,"column":42},"end":{"line":73,"column":63}},"line":73},"4":{"name":"(anonymous_4)","decl":{"start":{"line":81,"column":11},"end":{"line":81,"column":12}},"loc":{"start":{"line":81,"column":23},"end":{"line":81,"column":38}},"line":81},"5":{"name":"discoverUrl","decl":{"start":{"line":91,"column":9},"end":{"line":91,"column":20}},"loc":{"start":{"line":95,"column":10},"end":{"line":178,"column":1}},"line":95},"6":{"name":"useExploreSwiper","decl":{"start":{"line":199,"column":24},"end":{"line":199,"column":40}},"loc":{"start":{"line":201,"column":26},"end":{"line":318,"column":1}},"line":201},"7":{"name":"(anonymous_7)","decl":{"start":{"line":218,"column":20},"end":{"line":218,"column":21}},"loc":{"start":{"line":222,"column":7},"end":{"line":278,"column":3}},"line":222},"8":{"name":"(anonymous_8)","decl":{"start":{"line":237,"column":54},"end":{"line":237,"column":55}},"loc":{"start":{"line":237,"column":65},"end":{"line":246,"column":7}},"line":237},"9":{"name":"(anonymous_9)","decl":{"start":{"line":249,"column":24},"end":{"line":249,"column":25}},"loc":{"start":{"line":249,"column":37},"end":{"line":252,"column":9}},"line":249},"10":{"name":"(anonymous_10)","decl":{"start":{"line":259,"column":37},"end":{"line":259,"column":38}},"loc":{"start":{"line":259,"column":44},"end":{"line":262,"column":9}},"line":259},"11":{"name":"(anonymous_11)","decl":{"start":{"line":280,"column":22},"end":{"line":280,"column":23}},"loc":{"start":{"line":280,"column":34},"end":{"line":282,"column":3}},"line":280},"12":{"name":"(anonymous_12)","decl":{"start":{"line":284,"column":27},"end":{"line":284,"column":28}},"loc":{"start":{"line":284,"column":39},"end":{"line":288,"column":3}},"line":284},"13":{"name":"(anonymous_13)","decl":{"start":{"line":290,"column":26},"end":{"line":290,"column":27}},"loc":{"start":{"line":290,"column":44},"end":{"line":293,"column":3}},"line":290},"14":{"name":"(anonymous_14)","decl":{"start":{"line":295,"column":12},"end":{"line":295,"column":13}},"loc":{"start":{"line":295,"column":18},"end":{"line":298,"column":3}},"line":295}},"branchMap":{"0":{"loc":{"start":{"line":35,"column":34},"end":{"line":37,"column":34}},"type":"cond-expr","locations":[{"start":{"line":36,"column":4},"end":{"line":36,"column":72}},{"start":{"line":37,"column":4},"end":{"line":37,"column":34}}],"line":35},"1":{"loc":{"start":{"line":40,"column":19},"end":{"line":40,"column":54}},"type":"cond-expr","locations":[{"start":{"line":40,"column":40},"end":{"line":40,"column":44}},{"start":{"line":40,"column":47},"end":{"line":40,"column":54}}],"line":40},"2":{"loc":{"start":{"line":44,"column":2},"end":{"line":44,"column":44}},"type":"if","locations":[{"start":{"line":44,"column":2},"end":{"line":44,"column":44}},{"start":{},"end":{}}],"line":44},"3":{"loc":{"start":{"line":45,"column":38},"end":{"line":45,"column":54}},"type":"binary-expr","locations":[{"start":{"line":45,"column":38},"end":{"line":45,"column":48}},{"start":{"line":45,"column":52},"end":{"line":45,"column":54}}],"line":45},"4":{"loc":{"start":{"line":62,"column":4},"end":{"line":62,"column":66}},"type":"if","locations":[{"start":{"line":62,"column":4},"end":{"line":62,"column":66}},{"start":{},"end":{}}],"line":62},"5":{"loc":{"start":{"line":66,"column":4},"end":{"line":76,"column":5}},"type":"if","locations":[{"start":{"line":66,"column":4},"end":{"line":76,"column":5}},{"start":{"line":71,"column":11},"end":{"line":76,"column":5}}],"line":66},"6":{"loc":{"start":{"line":67,"column":22},"end":{"line":67,"column":55}},"type":"binary-expr","locations":[{"start":{"line":67,"column":22},"end":{"line":67,"column":49}},{"start":{"line":67,"column":53},"end":{"line":67,"column":55}}],"line":67},"7":{"loc":{"start":{"line":70,"column":6},"end":{"line":70,"column":32}},"type":"if","locations":[{"start":{"line":70,"column":6},"end":{"line":70,"column":32}},{"start":{},"end":{}}],"line":70},"8":{"loc":{"start":{"line":72,"column":22},"end":{"line":72,"column":57}},"type":"binary-expr","locations":[{"start":{"line":72,"column":22},"end":{"line":72,"column":51}},{"start":{"line":72,"column":55},"end":{"line":72,"column":57}}],"line":72},"9":{"loc":{"start":{"line":75,"column":6},"end":{"line":75,"column":36}},"type":"if","locations":[{"start":{"line":75,"column":6},"end":{"line":75,"column":36}},{"start":{},"end":{}}],"line":75},"10":{"loc":{"start":{"line":79,"column":21},"end":{"line":79,"column":48}},"type":"binary-expr","locations":[{"start":{"line":79,"column":21},"end":{"line":79,"column":42}},{"start":{"line":79,"column":46},"end":{"line":79,"column":48}}],"line":79},"11":{"loc":{"start":{"line":106,"column":2},"end":{"line":115,"column":3}},"type":"if","locations":[{"start":{"line":106,"column":2},"end":{"line":115,"column":3}},{"start":{"line":108,"column":9},"end":{"line":115,"column":3}}],"line":106},"12":{"loc":{"start":{"line":110,"column":4},"end":{"line":114,"column":5}},"type":"if","locations":[{"start":{"line":110,"column":4},"end":{"line":114,"column":5}},{"start":{"line":112,"column":11},"end":{"line":114,"column":5}}],"line":110},"13":{"loc":{"start":{"line":118,"column":2},"end":{"line":149,"column":3}},"type":"if","locations":[{"start":{"line":118,"column":2},"end":{"line":149,"column":3}},{"start":{},"end":{}}],"line":118},"14":{"loc":{"start":{"line":120,"column":4},"end":{"line":148,"column":5}},"type":"if","locations":[{"start":{"line":120,"column":4},"end":{"line":148,"column":5}},{"start":{"line":126,"column":11},"end":{"line":148,"column":5}}],"line":120},"15":{"loc":{"start":{"line":121,"column":6},"end":{"line":125,"column":7}},"type":"if","locations":[{"start":{"line":121,"column":6},"end":{"line":125,"column":7}},{"start":{"line":123,"column":13},"end":{"line":125,"column":7}}],"line":121},"16":{"loc":{"start":{"line":129,"column":6},"end":{"line":138,"column":7}},"type":"if","locations":[{"start":{"line":129,"column":6},"end":{"line":138,"column":7}},{"start":{"line":132,"column":13},"end":{"line":138,"column":7}}],"line":129},"17":{"loc":{"start":{"line":132,"column":13},"end":{"line":138,"column":7}},"type":"if","locations":[{"start":{"line":132,"column":13},"end":{"line":138,"column":7}},{"start":{"line":135,"column":13},"end":{"line":138,"column":7}}],"line":132},"18":{"loc":{"start":{"line":135,"column":13},"end":{"line":138,"column":7}},"type":"if","locations":[{"start":{"line":135,"column":13},"end":{"line":138,"column":7}},{"start":{},"end":{}}],"line":135},"19":{"loc":{"start":{"line":139,"column":6},"end":{"line":147,"column":7}},"type":"if","locations":[{"start":{"line":139,"column":6},"end":{"line":147,"column":7}},{"start":{},"end":{}}],"line":139},"20":{"loc":{"start":{"line":139,"column":10},"end":{"line":139,"column":22}},"type":"binary-expr","locations":[{"start":{"line":139,"column":10},"end":{"line":139,"column":15}},{"start":{"line":139,"column":19},"end":{"line":139,"column":22}}],"line":139},"21":{"loc":{"start":{"line":140,"column":8},"end":{"line":146,"column":9}},"type":"if","locations":[{"start":{"line":140,"column":8},"end":{"line":146,"column":9}},{"start":{"line":143,"column":15},"end":{"line":146,"column":9}}],"line":140},"22":{"loc":{"start":{"line":152,"column":2},"end":{"line":158,"column":3}},"type":"if","locations":[{"start":{"line":152,"column":2},"end":{"line":158,"column":3}},{"start":{},"end":{}}],"line":152},"23":{"loc":{"start":{"line":155,"column":4},"end":{"line":157,"column":5}},"type":"if","locations":[{"start":{"line":155,"column":4},"end":{"line":157,"column":5}},{"start":{},"end":{}}],"line":155},"24":{"loc":{"start":{"line":155,"column":8},"end":{"line":155,"column":29}},"type":"binary-expr","locations":[{"start":{"line":155,"column":8},"end":{"line":155,"column":11}},{"start":{"line":155,"column":15},"end":{"line":155,"column":29}}],"line":155},"25":{"loc":{"start":{"line":161,"column":2},"end":{"line":171,"column":3}},"type":"if","locations":[{"start":{"line":161,"column":2},"end":{"line":171,"column":3}},{"start":{},"end":{}}],"line":161},"26":{"loc":{"start":{"line":163,"column":4},"end":{"line":165,"column":57}},"type":"if","locations":[{"start":{"line":163,"column":4},"end":{"line":165,"column":57}},{"start":{"line":164,"column":9},"end":{"line":165,"column":57}}],"line":163},"27":{"loc":{"start":{"line":164,"column":9},"end":{"line":165,"column":57}},"type":"if","locations":[{"start":{"line":164,"column":9},"end":{"line":165,"column":57}},{"start":{"line":165,"column":9},"end":{"line":165,"column":57}}],"line":164},"28":{"loc":{"start":{"line":165,"column":9},"end":{"line":165,"column":57}},"type":"if","locations":[{"start":{"line":165,"column":9},"end":{"line":165,"column":57}},{"start":{},"end":{}}],"line":165},"29":{"loc":{"start":{"line":167,"column":4},"end":{"line":170,"column":5}},"type":"if","locations":[{"start":{"line":167,"column":4},"end":{"line":170,"column":5}},{"start":{},"end":{}}],"line":167},"30":{"loc":{"start":{"line":174,"column":4},"end":{"line":174,"column":74}},"type":"cond-expr","locations":[{"start":{"line":174,"column":28},"end":{"line":174,"column":51}},{"start":{"line":174,"column":54},"end":{"line":174,"column":74}}],"line":174},"31":{"loc":{"start":{"line":176,"column":2},"end":{"line":176,"column":58}},"type":"if","locations":[{"start":{"line":176,"column":2},"end":{"line":176,"column":58}},{"start":{},"end":{}}],"line":176},"32":{"loc":{"start":{"line":177,"column":52},"end":{"line":177,"column":68}},"type":"binary-expr","locations":[{"start":{"line":177,"column":52},"end":{"line":177,"column":62}},{"start":{"line":177,"column":66},"end":{"line":177,"column":68}}],"line":177},"33":{"loc":{"start":{"line":226,"column":6},"end":{"line":227,"column":28}},"type":"if","locations":[{"start":{"line":226,"column":6},"end":{"line":227,"column":28}},{"start":{"line":227,"column":11},"end":{"line":227,"column":28}}],"line":226},"34":{"loc":{"start":{"line":231,"column":6},"end":{"line":231,"column":74}},"type":"if","locations":[{"start":{"line":231,"column":6},"end":{"line":231,"column":74}},{"start":{},"end":{}}],"line":231},"35":{"loc":{"start":{"line":233,"column":32},"end":{"line":235,"column":12}},"type":"cond-expr","locations":[{"start":{"line":234,"column":10},"end":{"line":234,"column":22}},{"start":{"line":235,"column":10},"end":{"line":235,"column":12}}],"line":233},"36":{"loc":{"start":{"line":239,"column":15},"end":{"line":239,"column":52}},"type":"binary-expr","locations":[{"start":{"line":239,"column":15},"end":{"line":239,"column":25}},{"start":{"line":239,"column":29},"end":{"line":239,"column":38}},{"start":{"line":239,"column":42},"end":{"line":239,"column":52}}],"line":239},"37":{"loc":{"start":{"line":240,"column":18},"end":{"line":240,"column":37}},"type":"binary-expr","locations":[{"start":{"line":240,"column":18},"end":{"line":240,"column":31}},{"start":{"line":240,"column":35},"end":{"line":240,"column":37}}],"line":240},"38":{"loc":{"start":{"line":241,"column":21},"end":{"line":241,"column":45}},"type":"binary-expr","locations":[{"start":{"line":241,"column":21},"end":{"line":241,"column":37}},{"start":{"line":241,"column":41},"end":{"line":241,"column":45}}],"line":241},"39":{"loc":{"start":{"line":242,"column":22},"end":{"line":242,"column":62}},"type":"binary-expr","locations":[{"start":{"line":242,"column":22},"end":{"line":242,"column":39}},{"start":{"line":242,"column":43},"end":{"line":242,"column":62}}],"line":242},"40":{"loc":{"start":{"line":244,"column":19},"end":{"line":244,"column":39}},"type":"binary-expr","locations":[{"start":{"line":244,"column":19},"end":{"line":244,"column":33}},{"start":{"line":244,"column":37},"end":{"line":244,"column":39}}],"line":244},"41":{"loc":{"start":{"line":257,"column":6},"end":{"line":263,"column":7}},"type":"if","locations":[{"start":{"line":257,"column":6},"end":{"line":263,"column":7}},{"start":{},"end":{}}],"line":257},"42":{"loc":{"start":{"line":260,"column":10},"end":{"line":260,"column":46}},"type":"if","locations":[{"start":{"line":260,"column":10},"end":{"line":260,"column":46}},{"start":{},"end":{}}],"line":260},"43":{"loc":{"start":{"line":268,"column":8},"end":{"line":268,"column":70}},"type":"cond-expr","locations":[{"start":{"line":268,"column":47},"end":{"line":268,"column":63}},{"start":{"line":268,"column":66},"end":{"line":268,"column":70}}],"line":268},"44":{"loc":{"start":{"line":275,"column":6},"end":{"line":276,"column":29}},"type":"if","locations":[{"start":{"line":275,"column":6},"end":{"line":276,"column":29}},{"start":{"line":276,"column":11},"end":{"line":276,"column":29}}],"line":275},"45":{"loc":{"start":{"line":286,"column":6},"end":{"line":286,"column":52}},"type":"cond-expr","locations":[{"start":{"line":286,"column":40},"end":{"line":286,"column":48}},{"start":{"line":286,"column":51},"end":{"line":286,"column":52}}],"line":286},"46":{"loc":{"start":{"line":286,"column":6},"end":{"line":286,"column":37}},"type":"binary-expr","locations":[{"start":{"line":286,"column":6},"end":{"line":286,"column":16}},{"start":{"line":286,"column":20},"end":{"line":286,"column":37}}],"line":286},"47":{"loc":{"start":{"line":291,"column":4},"end":{"line":291,"column":32}},"type":"if","locations":[{"start":{"line":291,"column":4},"end":{"line":291,"column":32}},{"start":{},"end":{}}],"line":291}},"s":{"0":1,"1":1,"2":1,"3":1,"4":1,"5":1,"6":13,"7":13,"8":13,"9":13,"10":0,"11":13,"12":13,"13":13,"14":13,"15":13,"16":1,"17":12,"18":10,"19":10,"20":10,"21":10,"22":10,"23":10,"24":2,"25":2,"26":2,"27":2,"28":2,"29":2,"30":12,"31":12,"32":12,"33":11,"34":12,"35":1,"36":1,"37":12,"38":12,"39":10,"40":2,"41":2,"42":1,"43":1,"44":12,"45":3,"46":3,"47":1,"48":1,"49":0,"50":2,"51":2,"52":2,"53":0,"54":0,"55":2,"56":2,"57":2,"58":0,"59":0,"60":0,"61":2,"62":2,"63":1,"64":1,"65":1,"66":1,"67":12,"68":1,"69":1,"70":1,"71":1,"72":12,"73":1,"74":1,"75":1,"76":0,"77":0,"78":0,"79":0,"80":1,"81":1,"82":1,"83":12,"84":12,"85":0,"86":12,"87":26,"88":26,"89":26,"90":26,"91":26,"92":26,"93":26,"94":26,"95":26,"96":26,"97":26,"98":12,"99":12,"100":12,"101":1,"102":11,"103":12,"104":12,"105":12,"106":1,"107":11,"108":11,"109":13,"110":11,"111":13,"112":13,"113":11,"114":11,"115":2,"116":2,"117":4,"118":1,"119":3,"120":11,"121":11,"122":11,"123":11,"124":1,"125":1,"126":12,"127":1,"128":11,"129":26,"130":1,"131":26,"132":1,"133":1,"134":26,"135":2,"136":0,"137":2,"138":26,"139":10,"140":26},"f":{"0":13,"1":13,"2":10,"3":2,"4":11,"5":12,"6":26,"7":12,"8":13,"9":13,"10":4,"11":1,"12":1,"13":2,"14":10},"b":{"0":[0,1],"1":[2,11],"2":[0,13],"3":[13,13],"4":[1,12],"5":[10,2],"6":[10,0],"7":[10,0],"8":[2,0],"9":[2,0],"10":[12,0],"11":[10,2],"12":[1,1],"13":[3,9],"14":[1,2],"15":[1,0],"16":[0,2],"17":[2,0],"18":[0,0],"19":[2,0],"20":[2,2],"21":[1,1],"22":[1,11],"23":[1,0],"24":[1,1],"25":[1,11],"26":[1,0],"27":[0,0],"28":[0,0],"29":[1,0],"30":[10,2],"31":[0,12],"32":[12,12],"33":[1,11],"34":[1,11],"35":[11,0],"36":[13,2,0],"37":[13,4],"38":[13,11],"39":[13,8],"40":[13,7],"41":[2,9],"42":[1,3],"43":[11,0],"44":[1,11],"45":[1,0],"46":[1,1],"47":[0,2]},"_coverageSchema":"1a1c01bbd47fc00a2c39e90264f33305004495a9","hash":"3c9aef03db58b881afdea61e908f7c8cee007773"}
,"/Users/rkinny/Desktop/senior year/67443/StreamBuddies/src/screens/Swipe/Components/FilterButton.styles.ts": {"path":"/Users/rkinny/Desktop/senior year/67443/StreamBuddies/src/screens/Swipe/Components/FilterButton.styles.ts","statementMap":{"0":{"start":{"line":4,"column":15},"end":{"line":108,"column":2}}},"fnMap":{},"branchMap":{},"s":{"0":2},"f":{},"b":{},"_coverageSchema":"1a1c01bbd47fc00a2c39e90264f33305004495a9","hash":"01c45938faa64e08f5d35d805f83411bc7185586"}
,"/Users/rkinny/Desktop/senior year/67443/StreamBuddies/src/screens/Swipe/Components/FilterButton.tsx": {"path":"/Users/rkinny/Desktop/senior year/67443/StreamBuddies/src/screens/Swipe/Components/FilterButton.tsx","statementMap":{"0":{"start":{"line":22,"column":44},"end":{"line":28,"column":1}},"1":{"start":{"line":31,"column":61},"end":{"line":51,"column":1}},"2":{"start":{"line":55,"column":2},"end":{"line":63,"column":3}},"3":{"start":{"line":57,"column":17},"end":{"line":57,"column":30}},"4":{"start":{"line":58,"column":18},"end":{"line":58,"column":36}},"5":{"start":{"line":59,"column":6},"end":{"line":59,"column":53}},"6":{"start":{"line":60,"column":6},"end":{"line":60,"column":17}},"7":{"start":{"line":67,"column":60},"end":{"line":75,"column":1}},"8":{"start":{"line":77,"column":32},"end":{"line":82,"column":1}},"9":{"start":{"line":80,"column":4},"end":{"line":80,"column":58}},"10":{"start":{"line":84,"column":14},"end":{"line":93,"column":1}},"11":{"start":{"line":95,"column":25},"end":{"line":105,"column":1}},"12":{"start":{"line":107,"column":21},"end":{"line":107,"column":64}},"13":{"start":{"line":109,"column":26},"end":{"line":109,"column":71}},"14":{"start":{"line":116,"column":38},"end":{"line":318,"column":1}},"15":{"start":{"line":117,"column":32},"end":{"line":117,"column":47}},"16":{"start":{"line":120,"column":28},"end":{"line":120,"column":57}},"17":{"start":{"line":121,"column":26},"end":{"line":121,"column":54}},"18":{"start":{"line":122,"column":34},"end":{"line":122,"column":66}},"19":{"start":{"line":123,"column":28},"end":{"line":123,"column":57}},"20":{"start":{"line":124,"column":36},"end":{"line":124,"column":69}},"21":{"start":{"line":127,"column":2},"end":{"line":133,"column":14}},"22":{"start":{"line":128,"column":4},"end":{"line":128,"column":26}},"23":{"start":{"line":129,"column":4},"end":{"line":129,"column":24}},"24":{"start":{"line":130,"column":4},"end":{"line":130,"column":32}},"25":{"start":{"line":131,"column":4},"end":{"line":131,"column":26}},"26":{"start":{"line":132,"column":4},"end":{"line":132,"column":34}},"27":{"start":{"line":135,"column":23},"end":{"line":138,"column":3}},"28":{"start":{"line":136,"column":4},"end":{"line":136,"column":58}},"29":{"start":{"line":137,"column":4},"end":{"line":137,"column":22}},"30":{"start":{"line":140,"column":22},"end":{"line":147,"column":3}},"31":{"start":{"line":141,"column":4},"end":{"line":141,"column":20}},"32":{"start":{"line":142,"column":4},"end":{"line":142,"column":19}},"33":{"start":{"line":143,"column":4},"end":{"line":143,"column":23}},"34":{"start":{"line":144,"column":4},"end":{"line":144,"column":20}},"35":{"start":{"line":145,"column":4},"end":{"line":145,"column":24}},"36":{"start":{"line":146,"column":4},"end":{"line":146,"column":29}},"37":{"start":{"line":150,"column":4},"end":{"line":154,"column":23}},"38":{"start":{"line":156,"column":2},"end":{"line":317,"column":4}},"39":{"start":{"line":160,"column":23},"end":{"line":160,"column":39}},"40":{"start":{"line":177,"column":33},"end":{"line":177,"column":44}},"41":{"start":{"line":178,"column":18},"end":{"line":193,"column":20}},"42":{"start":{"line":182,"column":37},"end":{"line":182,"column":48}},"43":{"start":{"line":201,"column":33},"end":{"line":201,"column":43}},"44":{"start":{"line":202,"column":18},"end":{"line":217,"column":20}},"45":{"start":{"line":206,"column":37},"end":{"line":206,"column":47}},"46":{"start":{"line":225,"column":33},"end":{"line":225,"column":47}},"47":{"start":{"line":226,"column":18},"end":{"line":241,"column":20}},"48":{"start":{"line":230,"column":37},"end":{"line":230,"column":51}},"49":{"start":{"line":249,"column":33},"end":{"line":249,"column":44}},"50":{"start":{"line":250,"column":18},"end":{"line":265,"column":20}},"51":{"start":{"line":254,"column":37},"end":{"line":254,"column":48}},"52":{"start":{"line":273,"column":33},"end":{"line":273,"column":48}},"53":{"start":{"line":274,"column":18},"end":{"line":289,"column":20}},"54":{"start":{"line":278,"column":37},"end":{"line":278,"column":52}},"55":{"start":{"line":309,"column":29},"end":{"line":309,"column":46}}},"fnMap":{"0":{"name":"(anonymous_0)","decl":{"start":{"line":56,"column":4},"end":{"line":56,"column":5}},"loc":{"start":{"line":56,"column":28},"end":{"line":61,"column":5}},"line":56},"1":{"name":"(anonymous_1)","decl":{"start":{"line":79,"column":47},"end":{"line":79,"column":48}},"loc":{"start":{"line":80,"column":4},"end":{"line":80,"column":58}},"line":80},"2":{"name":"(anonymous_2)","decl":{"start":{"line":116,"column":38},"end":{"line":116,"column":39}},"loc":{"start":{"line":116,"column":63},"end":{"line":318,"column":1}},"line":116},"3":{"name":"(anonymous_3)","decl":{"start":{"line":127,"column":12},"end":{"line":127,"column":13}},"loc":{"start":{"line":127,"column":18},"end":{"line":133,"column":3}},"line":127},"4":{"name":"(anonymous_4)","decl":{"start":{"line":135,"column":23},"end":{"line":135,"column":24}},"loc":{"start":{"line":135,"column":29},"end":{"line":138,"column":3}},"line":135},"5":{"name":"(anonymous_5)","decl":{"start":{"line":140,"column":22},"end":{"line":140,"column":23}},"loc":{"start":{"line":140,"column":28},"end":{"line":147,"column":3}},"line":140},"6":{"name":"(anonymous_6)","decl":{"start":{"line":160,"column":17},"end":{"line":160,"column":18}},"loc":{"start":{"line":160,"column":23},"end":{"line":160,"column":39}},"line":160},"7":{"name":"(anonymous_7)","decl":{"start":{"line":176,"column":35},"end":{"line":176,"column":36}},"loc":{"start":{"line":176,"column":42},"end":{"line":194,"column":17}},"line":176},"8":{"name":"(anonymous_8)","decl":{"start":{"line":182,"column":31},"end":{"line":182,"column":32}},"loc":{"start":{"line":182,"column":37},"end":{"line":182,"column":48}},"line":182},"9":{"name":"(anonymous_9)","decl":{"start":{"line":200,"column":27},"end":{"line":200,"column":28}},"loc":{"start":{"line":200,"column":34},"end":{"line":218,"column":17}},"line":200},"10":{"name":"(anonymous_10)","decl":{"start":{"line":206,"column":31},"end":{"line":206,"column":32}},"loc":{"start":{"line":206,"column":37},"end":{"line":206,"column":47}},"line":206},"11":{"name":"(anonymous_11)","decl":{"start":{"line":224,"column":38},"end":{"line":224,"column":39}},"loc":{"start":{"line":224,"column":45},"end":{"line":242,"column":17}},"line":224},"12":{"name":"(anonymous_12)","decl":{"start":{"line":230,"column":31},"end":{"line":230,"column":32}},"loc":{"start":{"line":230,"column":37},"end":{"line":230,"column":51}},"line":230},"13":{"name":"(anonymous_13)","decl":{"start":{"line":248,"column":34},"end":{"line":248,"column":35}},"loc":{"start":{"line":248,"column":41},"end":{"line":266,"column":17}},"line":248},"14":{"name":"(anonymous_14)","decl":{"start":{"line":254,"column":31},"end":{"line":254,"column":32}},"loc":{"start":{"line":254,"column":37},"end":{"line":254,"column":48}},"line":254},"15":{"name":"(anonymous_15)","decl":{"start":{"line":272,"column":39},"end":{"line":272,"column":40}},"loc":{"start":{"line":272,"column":46},"end":{"line":290,"column":17}},"line":272},"16":{"name":"(anonymous_16)","decl":{"start":{"line":278,"column":31},"end":{"line":278,"column":32}},"loc":{"start":{"line":278,"column":37},"end":{"line":278,"column":52}},"line":278},"17":{"name":"(anonymous_17)","decl":{"start":{"line":309,"column":23},"end":{"line":309,"column":24}},"loc":{"start":{"line":309,"column":29},"end":{"line":309,"column":46}},"line":309}},"branchMap":{"0":{"loc":{"start":{"line":59,"column":17},"end":{"line":59,"column":52}},"type":"cond-expr","locations":[{"start":{"line":59,"column":28},"end":{"line":59,"column":45}},{"start":{"line":59,"column":48},"end":{"line":59,"column":52}}],"line":59},"1":{"loc":{"start":{"line":150,"column":4},"end":{"line":154,"column":23}},"type":"binary-expr","locations":[{"start":{"line":150,"column":4},"end":{"line":150,"column":19}},{"start":{"line":151,"column":4},"end":{"line":151,"column":18}},{"start":{"line":152,"column":4},"end":{"line":152,"column":22}},{"start":{"line":153,"column":4},"end":{"line":153,"column":19}},{"start":{"line":154,"column":4},"end":{"line":154,"column":23}}],"line":150},"2":{"loc":{"start":{"line":159,"column":31},"end":{"line":159,"column":69}},"type":"binary-expr","locations":[{"start":{"line":159,"column":31},"end":{"line":159,"column":46}},{"start":{"line":159,"column":50},"end":{"line":159,"column":69}}],"line":159},"3":{"loc":{"start":{"line":181,"column":43},"end":{"line":181,"column":70}},"type":"binary-expr","locations":[{"start":{"line":181,"column":43},"end":{"line":181,"column":49}},{"start":{"line":181,"column":53},"end":{"line":181,"column":70}}],"line":181},"4":{"loc":{"start":{"line":187,"column":26},"end":{"line":187,"column":57}},"type":"binary-expr","locations":[{"start":{"line":187,"column":26},"end":{"line":187,"column":32}},{"start":{"line":187,"column":36},"end":{"line":187,"column":57}}],"line":187},"5":{"loc":{"start":{"line":205,"column":43},"end":{"line":205,"column":70}},"type":"binary-expr","locations":[{"start":{"line":205,"column":43},"end":{"line":205,"column":49}},{"start":{"line":205,"column":53},"end":{"line":205,"column":70}}],"line":205},"6":{"loc":{"start":{"line":211,"column":26},"end":{"line":211,"column":57}},"type":"binary-expr","locations":[{"start":{"line":211,"column":26},"end":{"line":211,"column":32}},{"start":{"line":211,"column":36},"end":{"line":211,"column":57}}],"line":211},"7":{"loc":{"start":{"line":229,"column":43},"end":{"line":229,"column":70}},"type":"binary-expr","locations":[{"start":{"line":229,"column":43},"end":{"line":229,"column":49}},{"start":{"line":229,"column":53},"end":{"line":229,"column":70}}],"line":229},"8":{"loc":{"start":{"line":235,"column":26},"end":{"line":235,"column":57}},"type":"binary-expr","locations":[{"start":{"line":235,"column":26},"end":{"line":235,"column":32}},{"start":{"line":235,"column":36},"end":{"line":235,"column":57}}],"line":235},"9":{"loc":{"start":{"line":253,"column":43},"end":{"line":253,"column":70}},"type":"binary-expr","locations":[{"start":{"line":253,"column":43},"end":{"line":253,"column":49}},{"start":{"line":253,"column":53},"end":{"line":253,"column":70}}],"line":253},"10":{"loc":{"start":{"line":259,"column":26},"end":{"line":259,"column":57}},"type":"binary-expr","locations":[{"start":{"line":259,"column":26},"end":{"line":259,"column":32}},{"start":{"line":259,"column":36},"end":{"line":259,"column":57}}],"line":259},"11":{"loc":{"start":{"line":277,"column":43},"end":{"line":277,"column":70}},"type":"binary-expr","locations":[{"start":{"line":277,"column":43},"end":{"line":277,"column":49}},{"start":{"line":277,"column":53},"end":{"line":277,"column":70}}],"line":277},"12":{"loc":{"start":{"line":283,"column":26},"end":{"line":283,"column":57}},"type":"binary-expr","locations":[{"start":{"line":283,"column":26},"end":{"line":283,"column":32}},{"start":{"line":283,"column":36},"end":{"line":283,"column":57}}],"line":283}},"s":{"0":2,"1":2,"2":2,"3":38,"4":38,"5":38,"6":38,"7":2,"8":2,"9":116,"10":2,"11":2,"12":2,"13":2,"14":2,"15":8,"16":8,"17":8,"18":8,"19":8,"20":8,"21":8,"22":3,"23":3,"24":3,"25":3,"26":3,"27":8,"28":1,"29":0,"30":8,"31":1,"32":1,"33":1,"34":1,"35":1,"36":1,"37":8,"38":8,"39":3,"40":160,"41":160,"42":0,"43":64,"44":64,"45":2,"46":72,"47":72,"48":0,"49":32,"50":32,"51":0,"52":64,"53":64,"54":0,"55":0},"f":{"0":38,"1":116,"2":8,"3":3,"4":1,"5":1,"6":3,"7":160,"8":0,"9":64,"10":2,"11":72,"12":0,"13":32,"14":0,"15":64,"16":0,"17":0},"b":{"0":[0,38],"1":[8,8,6,6,6],"2":[8,2],"3":[160,8],"4":[160,8],"5":[64,8],"6":[64,8],"7":[72,8],"8":[72,8],"9":[32,8],"10":[32,8],"11":[64,8],"12":[64,8]},"_coverageSchema":"1a1c01bbd47fc00a2c39e90264f33305004495a9","hash":"951ff7f9883a0493aed7376a7f251a9633d4770e"}
,"/Users/rkinny/Desktop/senior year/67443/StreamBuddies/src/screens/Swipe/Components/MovieCard.tsx": {"path":"/Users/rkinny/Desktop/senior year/67443/StreamBuddies/src/screens/Swipe/Components/MovieCard.tsx","statementMap":{"0":{"start":{"line":10,"column":35},"end":{"line":62,"column":1}},"1":{"start":{"line":11,"column":40},"end":{"line":11,"column":55}},"2":{"start":{"line":13,"column":20},"end":{"line":15,"column":10}},"3":{"start":{"line":17,"column":2},"end":{"line":61,"column":4}},"4":{"start":{"line":35,"column":31},"end":{"line":35,"column":51}},"5":{"start":{"line":64,"column":15},"end":{"line":98,"column":2}}},"fnMap":{"0":{"name":"(anonymous_0)","decl":{"start":{"line":10,"column":35},"end":{"line":10,"column":36}},"loc":{"start":{"line":10,"column":62},"end":{"line":62,"column":1}},"line":10},"1":{"name":"(anonymous_1)","decl":{"start":{"line":35,"column":25},"end":{"line":35,"column":26}},"loc":{"start":{"line":35,"column":31},"end":{"line":35,"column":51}},"line":35}},"branchMap":{"0":{"loc":{"start":{"line":13,"column":20},"end":{"line":15,"column":10}},"type":"cond-expr","locations":[{"start":{"line":14,"column":6},"end":{"line":14,"column":62}},{"start":{"line":15,"column":6},"end":{"line":15,"column":10}}],"line":13},"1":{"loc":{"start":{"line":21,"column":9},"end":{"line":46,"column":9}},"type":"cond-expr","locations":[{"start":{"line":22,"column":10},"end":{"line":38,"column":13}},{"start":{"line":40,"column":10},"end":{"line":45,"column":17}}],"line":21},"2":{"loc":{"start":{"line":23,"column":13},"end":{"line":30,"column":13}},"type":"binary-expr","locations":[{"start":{"line":23,"column":13},"end":{"line":23,"column":25}},{"start":{"line":24,"column":14},"end":{"line":29,"column":21}}],"line":23}},"s":{"0":1,"1":5,"2":5,"3":5,"4":1,"5":1},"f":{"0":5,"1":1},"b":{"0":[3,2],"1":[3,2],"2":[3,2]},"_coverageSchema":"1a1c01bbd47fc00a2c39e90264f33305004495a9","hash":"9715c46475b0e50c477135a26b99f401e3e1bbee"}
,"/Users/rkinny/Desktop/senior year/67443/StreamBuddies/src/styles/gradientBackground.tsx": {"path":"/Users/rkinny/Desktop/senior year/67443/StreamBuddies/src/styles/gradientBackground.tsx","statementMap":{"0":{"start":{"line":9,"column":34},"end":{"line":45,"column":1}},"1":{"start":{"line":10,"column":2},"end":{"line":44,"column":3}}},"fnMap":{"0":{"name":"(anonymous_0)","decl":{"start":{"line":9,"column":34},"end":{"line":9,"column":35}},"loc":{"start":{"line":9,"column":77},"end":{"line":45,"column":1}},"line":9}},"branchMap":{},"s":{"0":1,"1":0},"f":{"0":0},"b":{},"_coverageSchema":"1a1c01bbd47fc00a2c39e90264f33305004495a9","hash":"d606a9f1cc3e72fe093dab49029c1e380628240b"}
,"/Users/rkinny/Desktop/senior year/67443/StreamBuddies/src/styles/listStyles.ts": {"path":"/Users/rkinny/Desktop/senior year/67443/StreamBuddies/src/styles/listStyles.ts","statementMap":{"0":{"start":{"line":4,"column":26},"end":{"line":53,"column":2}},"1":{"start":{"line":56,"column":32},"end":{"line":171,"column":2}},"2":{"start":{"line":173,"column":29},"end":{"line":221,"column":2}}},"fnMap":{},"branchMap":{},"s":{"0":2,"1":2,"2":2},"f":{},"b":{},"_coverageSchema":"1a1c01bbd47fc00a2c39e90264f33305004495a9","hash":"4d88d92221b6754c730044c7246f9f3c56ede3b5"}
,"/Users/rkinny/Desktop/senior year/67443/StreamBuddies/src/styles/styles.ts": {"path":"/Users/rkinny/Desktop/senior year/67443/StreamBuddies/src/styles/styles.ts","statementMap":{"0":{"start":{"line":3,"column":22},"end":{"line":13,"column":1}}},"fnMap":{},"branchMap":{},"s":{"0":2},"f":{},"b":{},"_coverageSchema":"1a1c01bbd47fc00a2c39e90264f33305004495a9","hash":"91540fea03662d09bd9ac7657800f56440b87c23"}
,"/Users/rkinny/Desktop/senior year/67443/StreamBuddies/src/utils/listFormHelpers.ts": {"path":"/Users/rkinny/Desktop/senior year/67443/StreamBuddies/src/utils/listFormHelpers.ts","statementMap":{"0":{"start":{"line":8,"column":8},"end":{"line":8,"column":70}},"1":{"start":{"line":12,"column":33},"end":{"line":28,"column":1}},"2":{"start":{"line":17,"column":4},"end":{"line":27,"column":5}},"3":{"start":{"line":19,"column":8},"end":{"line":26,"column":9}},"4":{"start":{"line":20,"column":12},"end":{"line":20,"column":29}},"5":{"start":{"line":22,"column":12},"end":{"line":22,"column":32}},"6":{"start":{"line":24,"column":12},"end":{"line":24,"column":56}},"7":{"start":{"line":25,"column":12},"end":{"line":25,"column":53}}},"fnMap":{"0":{"name":"(anonymous_0)","decl":{"start":{"line":7,"column":4},"end":{"line":7,"column":5}},"loc":{"start":{"line":7,"column":62},"end":{"line":9,"column":5}},"line":7},"1":{"name":"(anonymous_1)","decl":{"start":{"line":12,"column":33},"end":{"line":12,"column":34}},"loc":{"start":{"line":16,"column":5},"end":{"line":28,"column":1}},"line":16},"2":{"name":"(anonymous_2)","decl":{"start":{"line":17,"column":11},"end":{"line":17,"column":12}},"loc":{"start":{"line":17,"column":23},"end":{"line":27,"column":5}},"line":17}},"branchMap":{"0":{"loc":{"start":{"line":8,"column":15},"end":{"line":8,"column":69}},"type":"binary-expr","locations":[{"start":{"line":8,"column":15},"end":{"line":8,"column":37}},{"start":{"line":8,"column":41},"end":{"line":8,"column":69}}],"line":8}},"s":{"0":0,"1":1,"2":0,"3":0,"4":0,"5":0,"6":0,"7":0},"f":{"0":0,"1":0,"2":0},"b":{"0":[0,0]},"_coverageSchema":"1a1c01bbd47fc00a2c39e90264f33305004495a9","hash":"238712a911576381236b6f7433f07807fd9445de"}
}
