TN:
SF:config/firebase.ts
FNF:0
FNH:0
DA:11,2
DA:21,2
DA:24,2
DA:25,2
LF:4
LH:4
BRF:0
BRH:0
end_of_record
TN:
SF:src/hooks/useAuth.ts
FN:5,(anonymous_0)
FN:10,(anonymous_1)
FN:12,(anonymous_2)
FNF:3
FNH:3
FNDA:4,(anonymous_0)
FNDA:3,(anonymous_1)
FNDA:1,(anonymous_2)
DA:5,1
DA:6,4
DA:7,4
DA:10,4
DA:12,3
DA:14,1
DA:15,1
DA:18,3
DA:21,4
LF:9
LH:9
BRF:0
BRH:0
end_of_record
TN:
SF:src/hooks/usePhoneFormatter.ts
FN:4,(anonymous_0)
FN:8,(anonymous_1)
FNF:2
FNH:2
FNDA:4,(anonymous_0)
FNDA:2,(anonymous_1)
DA:4,1
DA:5,4
DA:6,4
DA:8,4
DA:9,2
DA:10,2
DA:11,1
DA:12,1
DA:13,1
DA:17,4
LF:10
LH:10
BRDA:10,0,0,1
BRDA:10,0,1,1
BRF:2
BRH:2
end_of_record
TN:
SF:src/hooks/useUserProfile.ts
FN:5,(anonymous_0)
FN:9,(anonymous_1)
FN:19,(anonymous_2)
FN:31,(anonymous_3)
FN:38,(anonymous_4)
FN:54,(anonymous_5)
FNF:6
FNH:6
FNDA:14,(anonymous_0)
FNDA:7,(anonymous_1)
FNDA:3,(anonymous_2)
FNDA:2,(anonymous_3)
FNDA:3,(anonymous_4)
FNDA:2,(anonymous_5)
DA:5,1
DA:6,14
DA:7,14
DA:9,14
DA:11,7
DA:12,2
DA:13,2
DA:14,2
DA:17,5
DA:19,5
DA:20,3
DA:21,3
DA:27,5
DA:30,14
DA:32,2
DA:33,1
DA:37,14
DA:40,3
DA:41,2
DA:42,1
DA:43,1
DA:46,1
DA:47,1
DA:48,1
DA:49,1
DA:53,14
DA:55,2
DA:56,1
DA:61,14
LF:29
LH:29
BRDA:11,0,0,2
BRDA:11,0,1,5
BRDA:32,1,0,1
BRDA:32,1,1,1
BRDA:40,2,0,1
BRDA:40,2,1,2
BRDA:41,3,0,1
BRDA:41,3,1,1
BRDA:55,4,0,1
BRDA:55,4,1,1
BRF:10
BRH:10
end_of_record
TN:
SF:src/repositories/UserRepository.ts
FN:25,(anonymous_0)
FN:31,(anonymous_1)
FN:33,(anonymous_2)
FN:54,(anonymous_3)
FN:57,(anonymous_4)
FN:79,(anonymous_5)
FN:102,(anonymous_6)
FN:115,(anonymous_7)
FN:140,(anonymous_8)
FNF:9
FNH:9
FNDA:1,(anonymous_0)
FNDA:1,(anonymous_1)
FNDA:1,(anonymous_2)
FNDA:2,(anonymous_3)
FNDA:2,(anonymous_4)
FNDA:2,(anonymous_5)
FNDA:1,(anonymous_6)
FNDA:2,(anonymous_7)
FNDA:1,(anonymous_8)
DA:18,2
DA:27,1
DA:31,1
DA:32,1
DA:33,1
DA:35,1
DA:36,1
DA:50,1
DA:55,2
DA:57,2
DA:58,2
DA:59,1
DA:60,1
DA:63,1
DA:64,1
DA:80,2
DA:81,2
DA:83,2
DA:85,1
DA:86,1
DA:103,1
DA:104,1
DA:116,2
DA:117,2
DA:118,1
DA:120,1
DA:121,1
DA:122,1
DA:141,1
DA:142,1
DA:147,2
LF:31
LH:31
BRDA:58,0,0,1
BRDA:58,0,1,1
BRDA:83,1,0,1
BRDA:83,1,1,1
BRDA:117,2,0,1
BRDA:117,2,1,1
BRF:6
BRH:6
end_of_record
TN:
SF:src/screens/Swipe/useExploreSwiper.ts
FN:39,detailsUrl
FN:53,fetchExtrasForItem
FN:68,(anonymous_2)
FN:73,(anonymous_3)
FN:81,(anonymous_4)
FN:91,discoverUrl
FN:199,useExploreSwiper
FN:218,(anonymous_7)
FN:237,(anonymous_8)
FN:249,(anonymous_9)
FN:259,(anonymous_10)
FN:280,(anonymous_11)
FN:284,(anonymous_12)
FN:290,(anonymous_13)
FN:295,(anonymous_14)
FNF:15
FNH:15
FNDA:13,detailsUrl
FNDA:13,fetchExtrasForItem
FNDA:10,(anonymous_2)
FNDA:2,(anonymous_3)
FNDA:11,(anonymous_4)
FNDA:12,discoverUrl
FNDA:26,useExploreSwiper
FNDA:12,(anonymous_7)
FNDA:13,(anonymous_8)
FNDA:13,(anonymous_9)
FNDA:4,(anonymous_10)
FNDA:1,(anonymous_11)
FNDA:1,(anonymous_12)
FNDA:2,(anonymous_13)
FNDA:10,(anonymous_14)
DA:28,1
DA:29,1
DA:30,1
DA:32,1
DA:33,1
DA:35,1
DA:40,13
DA:41,13
DA:43,13
DA:44,13
DA:45,13
DA:57,13
DA:58,13
DA:61,13
DA:62,13
DA:66,12
DA:67,10
DA:68,10
DA:69,10
DA:70,10
DA:72,2
DA:73,2
DA:74,2
DA:75,2
DA:78,12
DA:79,12
DA:80,12
DA:81,11
DA:84,12
DA:86,1
DA:87,1
DA:96,12
DA:106,12
DA:107,10
DA:109,2
DA:110,2
DA:111,1
DA:113,1
DA:118,12
DA:119,3
DA:120,3
DA:121,1
DA:122,1
DA:124,0
DA:127,2
DA:128,2
DA:129,2
DA:130,0
DA:131,0
DA:132,2
DA:133,2
DA:134,2
DA:135,0
DA:136,0
DA:137,0
DA:139,2
DA:140,2
DA:141,1
DA:142,1
DA:144,1
DA:145,1
DA:152,12
DA:153,1
DA:154,1
DA:155,1
DA:156,1
DA:161,12
DA:162,1
DA:163,1
DA:164,0
DA:165,0
DA:167,1
DA:168,1
DA:169,1
DA:174,12
DA:176,12
DA:177,12
DA:202,26
DA:203,26
DA:204,26
DA:206,26
DA:207,26
DA:208,26
DA:210,26
DA:212,26
DA:213,26
DA:214,26
DA:218,26
DA:223,12
DA:225,12
DA:226,12
DA:227,11
DA:229,12
DA:230,12
DA:231,12
DA:233,11
DA:237,13
DA:248,11
DA:250,13
DA:251,13
DA:256,11
DA:257,11
DA:258,2
DA:259,2
DA:260,4
DA:261,3
DA:265,11
DA:266,11
DA:267,11
DA:270,11
DA:272,1
DA:273,1
DA:275,12
DA:276,11
DA:280,26
DA:281,1
DA:284,26
DA:286,1
DA:287,1
DA:290,26
DA:291,2
DA:292,2
DA:295,26
DA:296,10
DA:300,26
LF:125
LH:117
BRDA:35,0,0,0
BRDA:35,0,1,1
BRDA:40,1,0,2
BRDA:40,1,1,11
BRDA:44,2,0,0
BRDA:44,2,1,13
BRDA:45,3,0,13
BRDA:45,3,1,13
BRDA:62,4,0,1
BRDA:62,4,1,12
BRDA:66,5,0,10
BRDA:66,5,1,2
BRDA:67,6,0,10
BRDA:67,6,1,0
BRDA:70,7,0,10
BRDA:70,7,1,0
BRDA:72,8,0,2
BRDA:72,8,1,0
BRDA:75,9,0,2
BRDA:75,9,1,0
BRDA:79,10,0,12
BRDA:79,10,1,0
BRDA:106,11,0,10
BRDA:106,11,1,2
BRDA:110,12,0,1
BRDA:110,12,1,1
BRDA:118,13,0,3
BRDA:118,13,1,9
BRDA:120,14,0,1
BRDA:120,14,1,2
BRDA:121,15,0,1
BRDA:121,15,1,0
BRDA:129,16,0,0
BRDA:129,16,1,2
BRDA:132,17,0,2
BRDA:132,17,1,0
BRDA:135,18,0,0
BRDA:135,18,1,0
BRDA:139,19,0,2
BRDA:139,19,1,0
BRDA:139,20,0,2
BRDA:139,20,1,2
BRDA:140,21,0,1
BRDA:140,21,1,1
BRDA:152,22,0,1
BRDA:152,22,1,11
BRDA:155,23,0,1
BRDA:155,23,1,0
BRDA:155,24,0,1
BRDA:155,24,1,1
BRDA:161,25,0,1
BRDA:161,25,1,11
BRDA:163,26,0,1
BRDA:163,26,1,0
BRDA:164,27,0,0
BRDA:164,27,1,0
BRDA:165,28,0,0
BRDA:165,28,1,0
BRDA:167,29,0,1
BRDA:167,29,1,0
BRDA:174,30,0,10
BRDA:174,30,1,2
BRDA:176,31,0,0
BRDA:176,31,1,12
BRDA:177,32,0,12
BRDA:177,32,1,12
BRDA:226,33,0,1
BRDA:226,33,1,11
BRDA:231,34,0,1
BRDA:231,34,1,11
BRDA:233,35,0,11
BRDA:233,35,1,0
BRDA:239,36,0,13
BRDA:239,36,1,2
BRDA:239,36,2,0
BRDA:240,37,0,13
BRDA:240,37,1,4
BRDA:241,38,0,13
BRDA:241,38,1,11
BRDA:242,39,0,13
BRDA:242,39,1,8
BRDA:244,40,0,13
BRDA:244,40,1,7
BRDA:257,41,0,2
BRDA:257,41,1,9
BRDA:260,42,0,1
BRDA:260,42,1,3
BRDA:268,43,0,11
BRDA:268,43,1,0
BRDA:275,44,0,1
BRDA:275,44,1,11
BRDA:286,45,0,1
BRDA:286,45,1,0
BRDA:286,46,0,1
BRDA:286,46,1,1
BRDA:291,47,0,0
BRDA:291,47,1,2
BRF:97
BRH:71
end_of_record
TN:
SF:src/screens/Swipe/Components/FilterButton.styles.ts
FNF:0
FNH:0
DA:4,2
LF:1
LH:1
BRF:0
BRH:0
end_of_record
TN:
SF:src/screens/Swipe/Components/FilterButton.tsx
FN:56,(anonymous_0)
FN:79,(anonymous_1)
FN:116,(anonymous_2)
FN:127,(anonymous_3)
FN:135,(anonymous_4)
FN:140,(anonymous_5)
FN:160,(anonymous_6)
FN:176,(anonymous_7)
FN:182,(anonymous_8)
FN:200,(anonymous_9)
FN:206,(anonymous_10)
FN:224,(anonymous_11)
FN:230,(anonymous_12)
FN:248,(anonymous_13)
FN:254,(anonymous_14)
FN:272,(anonymous_15)
FN:278,(anonymous_16)
FN:309,(anonymous_17)
FNF:18
FNH:13
FNDA:38,(anonymous_0)
FNDA:116,(anonymous_1)
FNDA:8,(anonymous_2)
FNDA:3,(anonymous_3)
FNDA:1,(anonymous_4)
FNDA:1,(anonymous_5)
FNDA:3,(anonymous_6)
FNDA:160,(anonymous_7)
FNDA:0,(anonymous_8)
FNDA:64,(anonymous_9)
FNDA:2,(anonymous_10)
FNDA:72,(anonymous_11)
FNDA:0,(anonymous_12)
FNDA:32,(anonymous_13)
FNDA:0,(anonymous_14)
FNDA:64,(anonymous_15)
FNDA:0,(anonymous_16)
FNDA:0,(anonymous_17)
DA:22,2
DA:31,2
DA:55,2
DA:57,38
DA:58,38
DA:59,38
DA:60,38
DA:67,2
DA:77,2
DA:80,116
DA:84,2
DA:95,2
DA:107,2
DA:109,2
DA:116,2
DA:117,8
DA:120,8
DA:121,8
DA:122,8
DA:123,8
DA:124,8
DA:127,8
DA:128,3
DA:129,3
DA:130,3
DA:131,3
DA:132,3
DA:135,8
DA:136,1
DA:137,0
DA:140,8
DA:141,1
DA:142,1
DA:143,1
DA:144,1
DA:145,1
DA:146,1
DA:150,8
DA:156,8
DA:160,3
DA:177,160
DA:178,160
DA:182,0
DA:201,64
DA:202,64
DA:206,2
DA:225,72
DA:226,72
DA:230,0
DA:249,32
DA:250,32
DA:254,0
DA:273,64
DA:274,64
DA:278,0
DA:309,0
LF:56
LH:50
BRDA:59,0,0,0
BRDA:59,0,1,38
BRDA:150,1,0,8
BRDA:150,1,1,8
BRDA:150,1,2,6
BRDA:150,1,3,6
BRDA:150,1,4,6
BRDA:159,2,0,8
BRDA:159,2,1,2
BRDA:181,3,0,160
BRDA:181,3,1,8
BRDA:187,4,0,160
BRDA:187,4,1,8
BRDA:205,5,0,64
BRDA:205,5,1,8
BRDA:211,6,0,64
BRDA:211,6,1,8
BRDA:229,7,0,72
BRDA:229,7,1,8
BRDA:235,8,0,72
BRDA:235,8,1,8
BRDA:253,9,0,32
BRDA:253,9,1,8
BRDA:259,10,0,32
BRDA:259,10,1,8
BRDA:277,11,0,64
BRDA:277,11,1,8
BRDA:283,12,0,64
BRDA:283,12,1,8
BRF:29
BRH:28
end_of_record
TN:
SF:src/screens/Swipe/Components/MovieCard.tsx
FN:10,(anonymous_0)
FN:35,(anonymous_1)
FNF:2
FNH:2
FNDA:5,(anonymous_0)
FNDA:1,(anonymous_1)
DA:10,1
DA:11,5
DA:13,5
DA:17,5
DA:35,1
DA:64,1
LF:6
LH:6
BRDA:13,0,0,3
BRDA:13,0,1,2
BRDA:21,1,0,3
BRDA:21,1,1,2
BRDA:23,2,0,3
BRDA:23,2,1,2
BRF:6
BRH:6
end_of_record
TN:
SF:src/utils/phone.ts
FN:3,(anonymous_0)
FNF:1
FNH:1
FNDA:9,(anonymous_0)
DA:3,2
DA:6,9
DA:7,9
DA:8,9
DA:9,4
DA:10,2
LF:6
LH:6
BRDA:8,0,0,5
BRDA:8,0,1,4
BRDA:9,1,0,2
BRDA:9,1,1,2
BRF:4
BRH:4
end_of_record
