TN:
SF:config/firebase.ts
FNF:0
FNH:0
DA:11,1
DA:21,1
DA:24,1
DA:25,1
LF:4
LH:4
BRF:0
BRH:0
end_of_record
TN:
SF:src/hooks/usePhoneFormatter.ts
FN:4,(anonymous_0)
FN:8,(anonymous_1)
FNF:2
FNH:2
FNDA:4,(anonymous_0)
FNDA:2,(anonymous_1)
DA:4,1
DA:5,4
DA:6,4
DA:8,4
DA:9,2
DA:10,2
DA:11,1
DA:12,1
DA:13,1
DA:17,4
LF:10
LH:10
BRDA:10,0,0,1
BRDA:10,0,1,1
BRF:2
BRH:2
end_of_record
TN:
SF:src/hooks/useUserProfile.ts
FN:5,(anonymous_0)
FN:9,(anonymous_1)
FN:19,(anonymous_2)
FN:31,(anonymous_3)
FN:38,(anonymous_4)
FN:54,(anonymous_5)
FNF:6
FNH:4
FNDA:6,(anonymous_0)
FNDA:3,(anonymous_1)
FNDA:2,(anonymous_2)
FNDA:1,(anonymous_3)
FNDA:0,(anonymous_4)
FNDA:0,(anonymous_5)
DA:5,1
DA:6,6
DA:7,6
DA:9,6
DA:11,3
DA:12,1
DA:13,1
DA:14,1
DA:17,2
DA:19,2
DA:20,2
DA:21,2
DA:27,2
DA:30,6
DA:32,1
DA:33,1
DA:37,6
DA:40,0
DA:41,0
DA:42,0
DA:43,0
DA:46,0
DA:47,0
DA:48,0
DA:49,0
DA:53,6
DA:55,0
DA:56,0
DA:61,6
LF:29
LH:19
BRDA:11,0,0,1
BRDA:11,0,1,2
BRDA:32,1,0,0
BRDA:32,1,1,1
BRDA:40,2,0,0
BRDA:40,2,1,0
BRDA:41,3,0,0
BRDA:41,3,1,0
BRDA:55,4,0,0
BRDA:55,4,1,0
BRF:10
BRH:3
end_of_record
TN:
SF:src/repositories/UserRepository.ts
FN:25,(anonymous_0)
FN:31,(anonymous_1)
FN:33,(anonymous_2)
FN:54,(anonymous_3)
FN:57,(anonymous_4)
FN:79,(anonymous_5)
FN:124,(anonymous_6)
FN:137,(anonymous_7)
FN:162,(anonymous_8)
FNF:9
FNH:0
FNDA:0,(anonymous_0)
FNDA:0,(anonymous_1)
FNDA:0,(anonymous_2)
FNDA:0,(anonymous_3)
FNDA:0,(anonymous_4)
FNDA:0,(anonymous_5)
FNDA:0,(anonymous_6)
FNDA:0,(anonymous_7)
FNDA:0,(anonymous_8)
DA:18,1
DA:27,0
DA:31,0
DA:32,0
DA:33,0
DA:35,0
DA:36,0
DA:50,0
DA:55,0
DA:57,0
DA:58,0
DA:59,0
DA:60,0
DA:63,0
DA:64,0
DA:80,0
DA:81,0
DA:83,0
DA:85,0
DA:86,0
DA:125,0
DA:126,0
DA:138,0
DA:139,0
DA:140,0
DA:142,0
DA:143,0
DA:144,0
DA:163,0
DA:164,0
DA:185,1
LF:31
LH:2
BRDA:58,0,0,0
BRDA:58,0,1,0
BRDA:83,1,0,0
BRDA:83,1,1,0
BRDA:139,2,0,0
BRDA:139,2,1,0
BRF:6
BRH:0
end_of_record
TN:
SF:src/screens/Swipe/Components/MovieCard.tsx
FN:10,(anonymous_0)
FN:32,(anonymous_1)
FNF:2
FNH:1
FNDA:2,(anonymous_0)
FNDA:0,(anonymous_1)
DA:10,1
DA:11,2
DA:13,2
DA:17,2
DA:32,0
DA:56,1
LF:6
LH:5
BRDA:13,0,0,1
BRDA:13,0,1,1
BRDA:21,1,0,1
BRDA:21,1,1,1
BRDA:23,2,0,1
BRDA:23,2,1,1
BRF:6
BRH:6
end_of_record
TN:
SF:src/utils/phone.ts
FN:3,(anonymous_0)
FNF:1
FNH:1
FNDA:9,(anonymous_0)
DA:3,2
DA:6,9
DA:7,9
DA:8,9
DA:9,4
DA:10,2
LF:6
LH:6
BRDA:8,0,0,5
BRDA:8,0,1,4
BRDA:9,1,0,2
BRDA:9,1,1,2
BRF:4
BRH:4
end_of_record
